This is pdfTeX, Version 3.141592653-2.6-1.40.22 (TeX Live 2022/dev/Debian) (preloaded format=pdflatex 2022.6.2)  3 JUN 2022 14:43
entering extended mode
 restricted \write18 enabled.
 %&-line parsing enabled.
**Taller2.tex
(./Taller2.tex
LaTeX2e <2021-11-15> patch level 1
L3 programming layer <2022-01-21>
(/usr/share/texlive/texmf-dist/tex/latex/beamer/beamer.cls
Document Class: beamer 2022/01/21 v3.65 A class for typesetting presentations
(/usr/share/texlive/texmf-dist/tex/latex/beamer/beamerbasemodes.sty
(/usr/share/texlive/texmf-dist/tex/latex/etoolbox/etoolbox.sty
Package: etoolbox 2020/10/05 v2.5k e-TeX tools for LaTeX (JAW)
\etb@tempcnta=\count185
)
\beamer@tempbox=\box50
\beamer@tempcount=\count186
\c@beamerpauses=\count187

(/usr/share/texlive/texmf-dist/tex/latex/beamer/beamerbasedecode.sty
\beamer@slideinframe=\count188
\beamer@minimum=\count189
\beamer@decode@box=\box51
)
\beamer@commentbox=\box52
\beamer@modecount=\count190
)
(/usr/share/texlive/texmf-dist/tex/generic/iftex/ifpdf.sty
Package: ifpdf 2019/10/25 v3.4 ifpdf legacy package. Use iftex instead.

(/usr/share/texlive/texmf-dist/tex/generic/iftex/iftex.sty
Package: iftex 2020/03/06 v1.0d TeX engine tests
))
\headdp=\dimen138
\footheight=\dimen139
\sidebarheight=\dimen140
\beamer@tempdim=\dimen141
\beamer@finalheight=\dimen142
\beamer@animht=\dimen143
\beamer@animdp=\dimen144
\beamer@animwd=\dimen145
\beamer@leftmargin=\dimen146
\beamer@rightmargin=\dimen147
\beamer@leftsidebar=\dimen148
\beamer@rightsidebar=\dimen149
\beamer@boxsize=\dimen150
\beamer@vboxoffset=\dimen151
\beamer@descdefault=\dimen152
\beamer@descriptionwidth=\dimen153
\beamer@lastskip=\skip47
\beamer@areabox=\box53
\beamer@animcurrent=\box54
\beamer@animshowbox=\box55
\beamer@sectionbox=\box56
\beamer@logobox=\box57
\beamer@linebox=\box58
\beamer@sectioncount=\count191
\beamer@subsubsectionmax=\count192
\beamer@subsectionmax=\count193
\beamer@sectionmax=\count194
\beamer@totalheads=\count195
\beamer@headcounter=\count196
\beamer@partstartpage=\count197
\beamer@sectionstartpage=\count198
\beamer@subsectionstartpage=\count199
\beamer@animationtempa=\count266
\beamer@animationtempb=\count267
\beamer@xpos=\count268
\beamer@ypos=\count269
\beamer@ypos@offset=\count270
\beamer@showpartnumber=\count271
\beamer@currentsubsection=\count272
\beamer@coveringdepth=\count273
\beamer@sectionadjust=\count274
\beamer@toclastsection=\count275
\beamer@tocsectionnumber=\count276

(/usr/share/texlive/texmf-dist/tex/latex/beamer/beamerbaseoptions.sty
(/usr/share/texlive/texmf-dist/tex/latex/graphics/keyval.sty
Package: keyval 2014/10/28 v1.15 key=value parser (DPC)
\KV@toks@=\toks16
))
\beamer@paperwidth=\skip48
\beamer@paperheight=\skip49

(/usr/share/texlive/texmf-dist/tex/latex/geometry/geometry.sty
Package: geometry 2020/01/02 v5.9 Page Geometry

(/usr/share/texlive/texmf-dist/tex/generic/iftex/ifvtex.sty
Package: ifvtex 2019/10/25 v1.7 ifvtex legacy package. Use iftex instead.
)
\Gm@cnth=\count277
\Gm@cntv=\count278
\c@Gm@tempcnt=\count279
\Gm@bindingoffset=\dimen154
\Gm@wd@mp=\dimen155
\Gm@odd@mp=\dimen156
\Gm@even@mp=\dimen157
\Gm@layoutwidth=\dimen158
\Gm@layoutheight=\dimen159
\Gm@layouthoffset=\dimen160
\Gm@layoutvoffset=\dimen161
\Gm@dimlist=\toks17
)
(/usr/share/texlive/texmf-dist/tex/latex/pgf/basiclayer/pgfcore.sty
(/usr/share/texlive/texmf-dist/tex/latex/graphics/graphicx.sty
Package: graphicx 2021/09/16 v1.2d Enhanced LaTeX Graphics (DPC,SPQR)

(/usr/share/texlive/texmf-dist/tex/latex/graphics/graphics.sty
Package: graphics 2021/03/04 v1.4d Standard LaTeX Graphics (DPC,SPQR)

(/usr/share/texlive/texmf-dist/tex/latex/graphics/trig.sty
Package: trig 2021/08/11 v1.11 sin cos tan (DPC)
)
(/usr/share/texlive/texmf-dist/tex/latex/graphics-cfg/graphics.cfg
File: graphics.cfg 2016/06/04 v1.11 sample graphics configuration
)
Package graphics Info: Driver file: pdftex.def on input line 107.

(/usr/share/texlive/texmf-dist/tex/latex/graphics-def/pdftex.def
File: pdftex.def 2020/10/05 v1.2a Graphics/color driver for pdftex
))
\Gin@req@height=\dimen162
\Gin@req@width=\dimen163
)
(/usr/share/texlive/texmf-dist/tex/latex/pgf/systemlayer/pgfsys.sty
(/usr/share/texlive/texmf-dist/tex/latex/pgf/utilities/pgfrcs.sty
(/usr/share/texlive/texmf-dist/tex/generic/pgf/utilities/pgfutil-common.tex
\pgfutil@everybye=\toks18
\pgfutil@tempdima=\dimen164
\pgfutil@tempdimb=\dimen165

(/usr/share/texlive/texmf-dist/tex/generic/pgf/utilities/pgfutil-common-lists.t
ex)) (/usr/share/texlive/texmf-dist/tex/generic/pgf/utilities/pgfutil-latex.def
\pgfutil@abb=\box59
) (/usr/share/texlive/texmf-dist/tex/generic/pgf/utilities/pgfrcs.code.tex
(/usr/share/texlive/texmf-dist/tex/generic/pgf/pgf.revision.tex)
Package: pgfrcs 2021/05/15 v3.1.9a (3.1.9a)
))
(/usr/share/texlive/texmf-dist/tex/generic/pgf/systemlayer/pgfsys.code.tex
Package: pgfsys 2021/05/15 v3.1.9a (3.1.9a)

(/usr/share/texlive/texmf-dist/tex/generic/pgf/utilities/pgfkeys.code.tex
\pgfkeys@pathtoks=\toks19
\pgfkeys@temptoks=\toks20

(/usr/share/texlive/texmf-dist/tex/generic/pgf/utilities/pgfkeysfiltered.code.t
ex
\pgfkeys@tmptoks=\toks21
))
\pgf@x=\dimen166
\pgf@y=\dimen167
\pgf@xa=\dimen168
\pgf@ya=\dimen169
\pgf@xb=\dimen170
\pgf@yb=\dimen171
\pgf@xc=\dimen172
\pgf@yc=\dimen173
\pgf@xd=\dimen174
\pgf@yd=\dimen175
\w@pgf@writea=\write3
\r@pgf@reada=\read2
\c@pgf@counta=\count280
\c@pgf@countb=\count281
\c@pgf@countc=\count282
\c@pgf@countd=\count283
\t@pgf@toka=\toks22
\t@pgf@tokb=\toks23
\t@pgf@tokc=\toks24
\pgf@sys@id@count=\count284
 (/usr/share/texlive/texmf-dist/tex/generic/pgf/systemlayer/pgf.cfg
File: pgf.cfg 2021/05/15 v3.1.9a (3.1.9a)
)
Driver file for pgf: pgfsys-pdftex.def

(/usr/share/texlive/texmf-dist/tex/generic/pgf/systemlayer/pgfsys-pdftex.def
File: pgfsys-pdftex.def 2021/05/15 v3.1.9a (3.1.9a)

(/usr/share/texlive/texmf-dist/tex/generic/pgf/systemlayer/pgfsys-common-pdf.de
f
File: pgfsys-common-pdf.def 2021/05/15 v3.1.9a (3.1.9a)
)))
(/usr/share/texlive/texmf-dist/tex/generic/pgf/systemlayer/pgfsyssoftpath.code.
tex
File: pgfsyssoftpath.code.tex 2021/05/15 v3.1.9a (3.1.9a)
\pgfsyssoftpath@smallbuffer@items=\count285
\pgfsyssoftpath@bigbuffer@items=\count286
)
(/usr/share/texlive/texmf-dist/tex/generic/pgf/systemlayer/pgfsysprotocol.code.
tex
File: pgfsysprotocol.code.tex 2021/05/15 v3.1.9a (3.1.9a)
)) (/usr/share/texlive/texmf-dist/tex/latex/xcolor/xcolor.sty
Package: xcolor 2021/10/31 v2.13 LaTeX color extensions (UK)

(/usr/share/texlive/texmf-dist/tex/latex/graphics-cfg/color.cfg
File: color.cfg 2016/01/02 v1.6 sample color configuration
)
Package xcolor Info: Driver file: pdftex.def on input line 227.
Package xcolor Info: Model `cmy' substituted by `cmy0' on input line 1352.
Package xcolor Info: Model `hsb' substituted by `rgb' on input line 1356.
Package xcolor Info: Model `RGB' extended on input line 1368.
Package xcolor Info: Model `HTML' substituted by `rgb' on input line 1370.
Package xcolor Info: Model `Hsb' substituted by `hsb' on input line 1371.
Package xcolor Info: Model `tHsb' substituted by `hsb' on input line 1372.
Package xcolor Info: Model `HSB' substituted by `hsb' on input line 1373.
Package xcolor Info: Model `Gray' substituted by `gray' on input line 1374.
Package xcolor Info: Model `wave' substituted by `hsb' on input line 1375.
)
(/usr/share/texlive/texmf-dist/tex/generic/pgf/basiclayer/pgfcore.code.tex
Package: pgfcore 2021/05/15 v3.1.9a (3.1.9a)

(/usr/share/texlive/texmf-dist/tex/generic/pgf/math/pgfmath.code.tex
(/usr/share/texlive/texmf-dist/tex/generic/pgf/math/pgfmathcalc.code.tex
(/usr/share/texlive/texmf-dist/tex/generic/pgf/math/pgfmathutil.code.tex)
(/usr/share/texlive/texmf-dist/tex/generic/pgf/math/pgfmathparser.code.tex
\pgfmath@dimen=\dimen176
\pgfmath@count=\count287
\pgfmath@box=\box60
\pgfmath@toks=\toks25
\pgfmath@stack@operand=\toks26
\pgfmath@stack@operation=\toks27
)
(/usr/share/texlive/texmf-dist/tex/generic/pgf/math/pgfmathfunctions.code.tex
(/usr/share/texlive/texmf-dist/tex/generic/pgf/math/pgfmathfunctions.basic.code
.tex)
(/usr/share/texlive/texmf-dist/tex/generic/pgf/math/pgfmathfunctions.trigonomet
ric.code.tex)
(/usr/share/texlive/texmf-dist/tex/generic/pgf/math/pgfmathfunctions.random.cod
e.tex)
(/usr/share/texlive/texmf-dist/tex/generic/pgf/math/pgfmathfunctions.comparison
.code.tex)
(/usr/share/texlive/texmf-dist/tex/generic/pgf/math/pgfmathfunctions.base.code.
tex)
(/usr/share/texlive/texmf-dist/tex/generic/pgf/math/pgfmathfunctions.round.code
.tex)
(/usr/share/texlive/texmf-dist/tex/generic/pgf/math/pgfmathfunctions.misc.code.
tex)
(/usr/share/texlive/texmf-dist/tex/generic/pgf/math/pgfmathfunctions.integerari
thmetics.code.tex)))
(/usr/share/texlive/texmf-dist/tex/generic/pgf/math/pgfmathfloat.code.tex
\c@pgfmathroundto@lastzeros=\count288
))
(/usr/share/texlive/texmf-dist/tex/generic/pgf/math/pgfint.code.tex)
(/usr/share/texlive/texmf-dist/tex/generic/pgf/basiclayer/pgfcorepoints.code.te
x
File: pgfcorepoints.code.tex 2021/05/15 v3.1.9a (3.1.9a)
\pgf@picminx=\dimen177
\pgf@picmaxx=\dimen178
\pgf@picminy=\dimen179
\pgf@picmaxy=\dimen180
\pgf@pathminx=\dimen181
\pgf@pathmaxx=\dimen182
\pgf@pathminy=\dimen183
\pgf@pathmaxy=\dimen184
\pgf@xx=\dimen185
\pgf@xy=\dimen186
\pgf@yx=\dimen187
\pgf@yy=\dimen188
\pgf@zx=\dimen189
\pgf@zy=\dimen190
)
(/usr/share/texlive/texmf-dist/tex/generic/pgf/basiclayer/pgfcorepathconstruct.
code.tex
File: pgfcorepathconstruct.code.tex 2021/05/15 v3.1.9a (3.1.9a)
\pgf@path@lastx=\dimen191
\pgf@path@lasty=\dimen192
)
(/usr/share/texlive/texmf-dist/tex/generic/pgf/basiclayer/pgfcorepathusage.code
.tex
File: pgfcorepathusage.code.tex 2021/05/15 v3.1.9a (3.1.9a)
\pgf@shorten@end@additional=\dimen193
\pgf@shorten@start@additional=\dimen194
)
(/usr/share/texlive/texmf-dist/tex/generic/pgf/basiclayer/pgfcorescopes.code.te
x
File: pgfcorescopes.code.tex 2021/05/15 v3.1.9a (3.1.9a)
\pgfpic=\box61
\pgf@hbox=\box62
\pgf@layerbox@main=\box63
\pgf@picture@serial@count=\count289
)
(/usr/share/texlive/texmf-dist/tex/generic/pgf/basiclayer/pgfcoregraphicstate.c
ode.tex
File: pgfcoregraphicstate.code.tex 2021/05/15 v3.1.9a (3.1.9a)
\pgflinewidth=\dimen195
)
(/usr/share/texlive/texmf-dist/tex/generic/pgf/basiclayer/pgfcoretransformation
s.code.tex
File: pgfcoretransformations.code.tex 2021/05/15 v3.1.9a (3.1.9a)
\pgf@pt@x=\dimen196
\pgf@pt@y=\dimen197
\pgf@pt@temp=\dimen198
)
(/usr/share/texlive/texmf-dist/tex/generic/pgf/basiclayer/pgfcorequick.code.tex
File: pgfcorequick.code.tex 2021/05/15 v3.1.9a (3.1.9a)
)
(/usr/share/texlive/texmf-dist/tex/generic/pgf/basiclayer/pgfcoreobjects.code.t
ex
File: pgfcoreobjects.code.tex 2021/05/15 v3.1.9a (3.1.9a)
)
(/usr/share/texlive/texmf-dist/tex/generic/pgf/basiclayer/pgfcorepathprocessing
.code.tex
File: pgfcorepathprocessing.code.tex 2021/05/15 v3.1.9a (3.1.9a)
)
(/usr/share/texlive/texmf-dist/tex/generic/pgf/basiclayer/pgfcorearrows.code.te
x
File: pgfcorearrows.code.tex 2021/05/15 v3.1.9a (3.1.9a)
\pgfarrowsep=\dimen199
)
(/usr/share/texlive/texmf-dist/tex/generic/pgf/basiclayer/pgfcoreshade.code.tex
File: pgfcoreshade.code.tex 2021/05/15 v3.1.9a (3.1.9a)
\pgf@max=\dimen256
\pgf@sys@shading@range@num=\count290
\pgf@shadingcount=\count291
)
(/usr/share/texlive/texmf-dist/tex/generic/pgf/basiclayer/pgfcoreimage.code.tex
File: pgfcoreimage.code.tex 2021/05/15 v3.1.9a (3.1.9a)

(/usr/share/texlive/texmf-dist/tex/generic/pgf/basiclayer/pgfcoreexternal.code.
tex
File: pgfcoreexternal.code.tex 2021/05/15 v3.1.9a (3.1.9a)
\pgfexternal@startupbox=\box64
))
(/usr/share/texlive/texmf-dist/tex/generic/pgf/basiclayer/pgfcorelayers.code.te
x
File: pgfcorelayers.code.tex 2021/05/15 v3.1.9a (3.1.9a)
)
(/usr/share/texlive/texmf-dist/tex/generic/pgf/basiclayer/pgfcoretransparency.c
ode.tex
File: pgfcoretransparency.code.tex 2021/05/15 v3.1.9a (3.1.9a)
)
(/usr/share/texlive/texmf-dist/tex/generic/pgf/basiclayer/pgfcorepatterns.code.
tex
File: pgfcorepatterns.code.tex 2021/05/15 v3.1.9a (3.1.9a)
)
(/usr/share/texlive/texmf-dist/tex/generic/pgf/basiclayer/pgfcorerdf.code.tex
File: pgfcorerdf.code.tex 2021/05/15 v3.1.9a (3.1.9a)
))) (/usr/share/texlive/texmf-dist/tex/latex/base/size10.clo
File: size10.clo 2021/10/04 v1.4n Standard LaTeX file (size option)
)
(/usr/share/texlive/texmf-dist/tex/latex/pgf/utilities/xxcolor.sty
Package: xxcolor 2003/10/24 ver 0.1
\XC@nummixins=\count292
\XC@countmixins=\count293
)
(/usr/share/texlive/texmf-dist/tex/latex/base/atbegshi-ltx.sty
Package: atbegshi-ltx 2021/01/10 v1.0c Emulation of the original atbegshi
package with kernel methods
)
(/usr/share/texlive/texmf-dist/tex/latex/hyperref/hyperref.sty
Package: hyperref 2021-06-07 v7.00m Hypertext links for LaTeX

(/usr/share/texlive/texmf-dist/tex/generic/ltxcmds/ltxcmds.sty
Package: ltxcmds 2020-05-10 v1.25 LaTeX kernel commands for general use (HO)
)
(/usr/share/texlive/texmf-dist/tex/generic/pdftexcmds/pdftexcmds.sty
Package: pdftexcmds 2020-06-27 v0.33 Utility functions of pdfTeX for LuaTeX (HO
)

(/usr/share/texlive/texmf-dist/tex/generic/infwarerr/infwarerr.sty
Package: infwarerr 2019/12/03 v1.5 Providing info/warning/error messages (HO)
)
Package pdftexcmds Info: \pdf@primitive is available.
Package pdftexcmds Info: \pdf@ifprimitive is available.
Package pdftexcmds Info: \pdfdraftmode found.
)
(/usr/share/texlive/texmf-dist/tex/generic/kvsetkeys/kvsetkeys.sty
Package: kvsetkeys 2019/12/15 v1.18 Key value parser (HO)
)
(/usr/share/texlive/texmf-dist/tex/generic/kvdefinekeys/kvdefinekeys.sty
Package: kvdefinekeys 2019-12-19 v1.6 Define keys (HO)
)
(/usr/share/texlive/texmf-dist/tex/generic/pdfescape/pdfescape.sty
Package: pdfescape 2019/12/09 v1.15 Implements pdfTeX's escape features (HO)
)
(/usr/share/texlive/texmf-dist/tex/latex/hycolor/hycolor.sty
Package: hycolor 2020-01-27 v1.10 Color options for hyperref/bookmark (HO)
)
(/usr/share/texlive/texmf-dist/tex/latex/letltxmacro/letltxmacro.sty
Package: letltxmacro 2019/12/03 v1.6 Let assignment for LaTeX macros (HO)
)
(/usr/share/texlive/texmf-dist/tex/latex/auxhook/auxhook.sty
Package: auxhook 2019-12-17 v1.6 Hooks for auxiliary files (HO)
)
(/usr/share/texlive/texmf-dist/tex/latex/kvoptions/kvoptions.sty
Package: kvoptions 2020-10-07 v3.14 Key value format for package options (HO)
)
\@linkdim=\dimen257
\Hy@linkcounter=\count294
\Hy@pagecounter=\count295

(/usr/share/texlive/texmf-dist/tex/latex/hyperref/pd1enc.def
File: pd1enc.def 2021-06-07 v7.00m Hyperref: PDFDocEncoding definition (HO)
Now handling font encoding PD1 ...
... no UTF-8 mapping file for font encoding PD1
)
(/usr/share/texlive/texmf-dist/tex/latex/hyperref/hyperref-langpatches.def
File: hyperref-langpatches.def 2021-06-07 v7.00m Hyperref: patches for babel la
nguages
)
(/usr/share/texlive/texmf-dist/tex/generic/intcalc/intcalc.sty
Package: intcalc 2019/12/15 v1.3 Expandable calculations with integers (HO)
)
(/usr/share/texlive/texmf-dist/tex/generic/etexcmds/etexcmds.sty
Package: etexcmds 2019/12/15 v1.7 Avoid name clashes with e-TeX commands (HO)
)
\Hy@SavedSpaceFactor=\count296

(/usr/share/texlive/texmf-dist/tex/latex/hyperref/puenc.def
File: puenc.def 2021-06-07 v7.00m Hyperref: PDF Unicode definition (HO)
Now handling font encoding PU ...
... no UTF-8 mapping file for font encoding PU
)
Package hyperref Info: Option `bookmarks' set `true' on input line 4073.
Package hyperref Info: Option `bookmarksopen' set `true' on input line 4073.
Package hyperref Info: Option `implicit' set `false' on input line 4073.
Package hyperref Info: Hyper figures OFF on input line 4192.
Package hyperref Info: Link nesting OFF on input line 4197.
Package hyperref Info: Hyper index ON on input line 4200.
Package hyperref Info: Plain pages OFF on input line 4207.
Package hyperref Info: Backreferencing OFF on input line 4212.
Package hyperref Info: Implicit mode OFF; no redefinition of LaTeX internals.
Package hyperref Info: Bookmarks ON on input line 4445.
\c@Hy@tempcnt=\count297

(/usr/share/texlive/texmf-dist/tex/latex/url/url.sty
\Urlmuskip=\muskip16
Package: url 2013/09/16  ver 3.4  Verb mode for urls, etc.
)
LaTeX Info: Redefining \url on input line 4804.
\XeTeXLinkMargin=\dimen258

(/usr/share/texlive/texmf-dist/tex/generic/bitset/bitset.sty
Package: bitset 2019/12/09 v1.3 Handle bit-vector datatype (HO)

(/usr/share/texlive/texmf-dist/tex/generic/bigintcalc/bigintcalc.sty
Package: bigintcalc 2019/12/15 v1.5 Expandable calculations on big integers (HO
)
))
\Fld@menulength=\count298
\Field@Width=\dimen259
\Fld@charsize=\dimen260
Package hyperref Info: Hyper figures OFF on input line 6076.
Package hyperref Info: Link nesting OFF on input line 6081.
Package hyperref Info: Hyper index ON on input line 6084.
Package hyperref Info: backreferencing OFF on input line 6091.
Package hyperref Info: Link coloring OFF on input line 6096.
Package hyperref Info: Link coloring with OCG OFF on input line 6101.
Package hyperref Info: PDF/A mode OFF on input line 6106.
LaTeX Info: Redefining \ref on input line 6146.
LaTeX Info: Redefining \pageref on input line 6150.
\Hy@abspage=\count299


Package hyperref Message: Stopped early.

)
Package hyperref Info: Driver (autodetected): hpdftex.
 (/usr/share/texlive/texmf-dist/tex/latex/hyperref/hpdftex.def
File: hpdftex.def 2021-06-07 v7.00m Hyperref driver for pdfTeX

(/usr/share/texlive/texmf-dist/tex/latex/base/atveryend-ltx.sty
Package: atveryend-ltx 2020/08/19 v1.0a Emulation of the original atveryend pac
kage
with kernel methods
)
\Fld@listcount=\count300
\c@bookmark@seq@number=\count301

(/usr/share/texlive/texmf-dist/tex/latex/rerunfilecheck/rerunfilecheck.sty
Package: rerunfilecheck 2019/12/05 v1.9 Rerun checks for auxiliary files (HO)

(/usr/share/texlive/texmf-dist/tex/generic/uniquecounter/uniquecounter.sty
Package: uniquecounter 2019/12/15 v1.4 Provide unlimited unique counter (HO)
)
Package uniquecounter Info: New unique counter `rerunfilecheck' on input line 2
86.
))
(/usr/share/texlive/texmf-dist/tex/latex/beamer/beamerbaserequires.sty
(/usr/share/texlive/texmf-dist/tex/latex/beamer/beamerbasecompatibility.sty)
(/usr/share/texlive/texmf-dist/tex/latex/beamer/beamerbasefont.sty
(/usr/share/texlive/texmf-dist/tex/latex/amsfonts/amssymb.sty
Package: amssymb 2013/01/14 v3.01 AMS font symbols

(/usr/share/texlive/texmf-dist/tex/latex/amsfonts/amsfonts.sty
Package: amsfonts 2013/01/14 v3.01 Basic AMSFonts support
\@emptytoks=\toks28
\symAMSa=\mathgroup4
\symAMSb=\mathgroup5
LaTeX Font Info:    Redeclaring math symbol \hbar on input line 98.
LaTeX Font Info:    Overwriting math alphabet `\mathfrak' in version `bold'
(Font)                  U/euf/m/n --> U/euf/b/n on input line 106.
)))
(/usr/share/texlive/texmf-dist/tex/latex/beamer/beamerbasetranslator.sty
(/usr/share/texlive/texmf-dist/tex/latex/translator/translator.sty
Package: translator 2021-05-31 v1.12d Easy translation of strings in LaTeX
))
(/usr/share/texlive/texmf-dist/tex/latex/beamer/beamerbasemisc.sty)
(/usr/share/texlive/texmf-dist/tex/latex/beamer/beamerbasetwoscreens.sty)
(/usr/share/texlive/texmf-dist/tex/latex/beamer/beamerbaseoverlay.sty
\beamer@argscount=\count302
\beamer@lastskipcover=\skip50
\beamer@trivlistdepth=\count303
)
(/usr/share/texlive/texmf-dist/tex/latex/beamer/beamerbasetitle.sty)
(/usr/share/texlive/texmf-dist/tex/latex/beamer/beamerbasesection.sty
\c@lecture=\count304
\c@part=\count305
\c@section=\count306
\c@subsection=\count307
\c@subsubsection=\count308
)
(/usr/share/texlive/texmf-dist/tex/latex/beamer/beamerbaseframe.sty
\beamer@framebox=\box65
\beamer@frametitlebox=\box66
\beamer@zoombox=\box67
\beamer@zoomcount=\count309
\beamer@zoomframecount=\count310
\beamer@frametextheight=\dimen261
\c@subsectionslide=\count311
\beamer@frametopskip=\skip51
\beamer@framebottomskip=\skip52
\beamer@frametopskipautobreak=\skip53
\beamer@framebottomskipautobreak=\skip54
\beamer@envbody=\toks29
\framewidth=\dimen262
\c@framenumber=\count312
)
(/usr/share/texlive/texmf-dist/tex/latex/beamer/beamerbaseverbatim.sty
\beamer@verbatimfileout=\write4
)
(/usr/share/texlive/texmf-dist/tex/latex/beamer/beamerbaseframesize.sty
\beamer@splitbox=\box68
\beamer@autobreakcount=\count313
\beamer@autobreaklastheight=\dimen263
\beamer@frametitletoks=\toks30
\beamer@framesubtitletoks=\toks31
)
(/usr/share/texlive/texmf-dist/tex/latex/beamer/beamerbaseframecomponents.sty
\beamer@footins=\box69
)
(/usr/share/texlive/texmf-dist/tex/latex/beamer/beamerbasecolor.sty)
(/usr/share/texlive/texmf-dist/tex/latex/beamer/beamerbasenotes.sty
\beamer@frameboxcopy=\box70
)
(/usr/share/texlive/texmf-dist/tex/latex/beamer/beamerbasetoc.sty)
(/usr/share/texlive/texmf-dist/tex/latex/beamer/beamerbasetemplates.sty
\beamer@sbttoks=\toks32

(/usr/share/texlive/texmf-dist/tex/latex/beamer/beamerbaseauxtemplates.sty
(/usr/share/texlive/texmf-dist/tex/latex/beamer/beamerbaseboxes.sty
\bmb@box=\box71
\bmb@colorbox=\box72
\bmb@boxwidth=\dimen264
\bmb@boxheight=\dimen265
\bmb@prevheight=\dimen266
\bmb@temp=\dimen267
\bmb@dima=\dimen268
\bmb@dimb=\dimen269
\bmb@prevheight=\dimen270
)
\beamer@blockheadheight=\dimen271
))
(/usr/share/texlive/texmf-dist/tex/latex/beamer/beamerbaselocalstructure.sty
(/usr/share/texlive/texmf-dist/tex/latex/tools/enumerate.sty
Package: enumerate 2015/07/23 v3.00 enumerate extensions (DPC)
\@enLab=\toks33
)
\beamer@bibiconwidth=\skip55
\c@figure=\count314
\c@table=\count315
\abovecaptionskip=\skip56
\belowcaptionskip=\skip57
)
(/usr/share/texlive/texmf-dist/tex/latex/beamer/beamerbasenavigation.sty
\beamer@section@min@dim=\dimen272
)
(/usr/share/texlive/texmf-dist/tex/latex/beamer/beamerbasetheorems.sty
(/usr/share/texlive/texmf-dist/tex/latex/amsmath/amsmath.sty
Package: amsmath 2021/10/15 v2.17l AMS math features
\@mathmargin=\skip58

For additional information on amsmath, use the `?' option.
(/usr/share/texlive/texmf-dist/tex/latex/amsmath/amstext.sty
Package: amstext 2021/08/26 v2.01 AMS text

(/usr/share/texlive/texmf-dist/tex/latex/amsmath/amsgen.sty
File: amsgen.sty 1999/11/30 v2.0 generic functions
\@emptytoks=\toks34
\ex@=\dimen273
))
(/usr/share/texlive/texmf-dist/tex/latex/amsmath/amsbsy.sty
Package: amsbsy 1999/11/29 v1.2d Bold Symbols
\pmbraise@=\dimen274
)
(/usr/share/texlive/texmf-dist/tex/latex/amsmath/amsopn.sty
Package: amsopn 2021/08/26 v2.02 operator names
)
\inf@bad=\count316
LaTeX Info: Redefining \frac on input line 234.
\uproot@=\count317
\leftroot@=\count318
LaTeX Info: Redefining \overline on input line 399.
\classnum@=\count319
\DOTSCASE@=\count320
LaTeX Info: Redefining \ldots on input line 496.
LaTeX Info: Redefining \dots on input line 499.
LaTeX Info: Redefining \cdots on input line 620.
\Mathstrutbox@=\box73
\strutbox@=\box74
\big@size=\dimen275
LaTeX Font Info:    Redeclaring font encoding OML on input line 743.
LaTeX Font Info:    Redeclaring font encoding OMS on input line 744.
\macc@depth=\count321
\c@MaxMatrixCols=\count322
\dotsspace@=\muskip17
\c@parentequation=\count323
\dspbrk@lvl=\count324
\tag@help=\toks35
\row@=\count325
\column@=\count326
\maxfields@=\count327
\andhelp@=\toks36
\eqnshift@=\dimen276
\alignsep@=\dimen277
\tagshift@=\dimen278
\tagwidth@=\dimen279
\totwidth@=\dimen280
\lineht@=\dimen281
\@envbody=\toks37
\multlinegap=\skip59
\multlinetaggap=\skip60
\mathdisplay@stack=\toks38
LaTeX Info: Redefining \[ on input line 2938.
LaTeX Info: Redefining \] on input line 2939.
)
(/usr/share/texlive/texmf-dist/tex/latex/amscls/amsthm.sty
Package: amsthm 2020/05/29 v2.20.6
\thm@style=\toks39
\thm@bodyfont=\toks40
\thm@headfont=\toks41
\thm@notefont=\toks42
\thm@headpunct=\toks43
\thm@preskip=\skip61
\thm@postskip=\skip62
\thm@headsep=\skip63
\dth@everypar=\toks44
)
\c@theorem=\count328
)
(/usr/share/texlive/texmf-dist/tex/latex/beamer/beamerbasethemes.sty))
(/usr/share/texlive/texmf-dist/tex/latex/beamer/beamerthemedefault.sty
(/usr/share/texlive/texmf-dist/tex/latex/beamer/beamerfontthemedefault.sty)
(/usr/share/texlive/texmf-dist/tex/latex/beamer/beamercolorthemedefault.sty)
(/usr/share/texlive/texmf-dist/tex/latex/beamer/beamerinnerthemedefault.sty
\beamer@dima=\dimen282
\beamer@dimb=\dimen283
)
(/usr/share/texlive/texmf-dist/tex/latex/beamer/beamerouterthemedefault.sty)))
(./beamerthemeFeather.sty
Package: beamerthemeFeather 2017/08/22 v1.1.0 The Feather Beamer Theme

(/usr/share/texlive/texmf-dist/tex/latex/pgf/frontendlayer/tikz.sty
(/usr/share/texlive/texmf-dist/tex/latex/pgf/basiclayer/pgf.sty
Package: pgf 2021/05/15 v3.1.9a (3.1.9a)

(/usr/share/texlive/texmf-dist/tex/generic/pgf/modules/pgfmoduleshapes.code.tex
File: pgfmoduleshapes.code.tex 2021/05/15 v3.1.9a (3.1.9a)
\pgfnodeparttextbox=\box75
) (/usr/share/texlive/texmf-dist/tex/generic/pgf/modules/pgfmoduleplot.code.tex
File: pgfmoduleplot.code.tex 2021/05/15 v3.1.9a (3.1.9a)
)
(/usr/share/texlive/texmf-dist/tex/latex/pgf/compatibility/pgfcomp-version-0-65
.sty
Package: pgfcomp-version-0-65 2021/05/15 v3.1.9a (3.1.9a)
\pgf@nodesepstart=\dimen284
\pgf@nodesepend=\dimen285
)
(/usr/share/texlive/texmf-dist/tex/latex/pgf/compatibility/pgfcomp-version-1-18
.sty
Package: pgfcomp-version-1-18 2021/05/15 v3.1.9a (3.1.9a)
)) (/usr/share/texlive/texmf-dist/tex/latex/pgf/utilities/pgffor.sty
(/usr/share/texlive/texmf-dist/tex/latex/pgf/utilities/pgfkeys.sty
(/usr/share/texlive/texmf-dist/tex/generic/pgf/utilities/pgfkeys.code.tex))
(/usr/share/texlive/texmf-dist/tex/latex/pgf/math/pgfmath.sty
(/usr/share/texlive/texmf-dist/tex/generic/pgf/math/pgfmath.code.tex))
(/usr/share/texlive/texmf-dist/tex/generic/pgf/utilities/pgffor.code.tex
Package: pgffor 2021/05/15 v3.1.9a (3.1.9a)

(/usr/share/texlive/texmf-dist/tex/generic/pgf/math/pgfmath.code.tex)
\pgffor@iter=\dimen286
\pgffor@skip=\dimen287
\pgffor@stack=\toks45
\pgffor@toks=\toks46
))
(/usr/share/texlive/texmf-dist/tex/generic/pgf/frontendlayer/tikz/tikz.code.tex
Package: tikz 2021/05/15 v3.1.9a (3.1.9a)

(/usr/share/texlive/texmf-dist/tex/generic/pgf/libraries/pgflibraryplothandlers
.code.tex
File: pgflibraryplothandlers.code.tex 2021/05/15 v3.1.9a (3.1.9a)
\pgf@plot@mark@count=\count329
\pgfplotmarksize=\dimen288
)
\tikz@lastx=\dimen289
\tikz@lasty=\dimen290
\tikz@lastxsaved=\dimen291
\tikz@lastysaved=\dimen292
\tikz@lastmovetox=\dimen293
\tikz@lastmovetoy=\dimen294
\tikzleveldistance=\dimen295
\tikzsiblingdistance=\dimen296
\tikz@figbox=\box76
\tikz@figbox@bg=\box77
\tikz@tempbox=\box78
\tikz@tempbox@bg=\box79
\tikztreelevel=\count330
\tikznumberofchildren=\count331
\tikznumberofcurrentchild=\count332
\tikz@fig@count=\count333

(/usr/share/texlive/texmf-dist/tex/generic/pgf/modules/pgfmodulematrix.code.tex
File: pgfmodulematrix.code.tex 2021/05/15 v3.1.9a (3.1.9a)
\pgfmatrixcurrentrow=\count334
\pgfmatrixcurrentcolumn=\count335
\pgf@matrix@numberofcolumns=\count336
)
\tikz@expandcount=\count337

(/usr/share/texlive/texmf-dist/tex/generic/pgf/frontendlayer/tikz/libraries/tik
zlibrarytopaths.code.tex
File: tikzlibrarytopaths.code.tex 2021/05/15 v3.1.9a (3.1.9a)
)))
(/usr/share/texlive/texmf-dist/tex/latex/tools/calc.sty
Package: calc 2017/05/25 v4.3 Infix arithmetic (KKT,FJ)
\calc@Acount=\count338
\calc@Bcount=\count339
\calc@Adimen=\dimen297
\calc@Bdimen=\dimen298
\calc@Askip=\skip64
\calc@Bskip=\skip65
LaTeX Info: Redefining \setlength on input line 80.
LaTeX Info: Redefining \addtolength on input line 81.
\calc@Ccount=\count340
\calc@Cskip=\skip66
)
(./beamerinnerthemeFeather.sty
Package: beamerinnerthemeFeather 2017/08/22 v1.1.0 The Feather Beamer Theme
) (./beamerouterthemeFeather.sty
Package: beamerouterthemeFeather 2017/08/22 v1.1.0 The Feather Beamer Theme
\c@unnumberedframe=\count341
\beamer@height=\skip67
\beamer@logoradius=\skip68
\beamer@borderwidth=\skip69
\beamer@logoinnerradius=\skip70
\beamer@logoouterradius=\skip71
\beamer@counterradius=\skip72
)
(./beamercolorthemeFeather.sty
Package: beamercolorthemeFeather 2017/08/22 v1.1.0 The Feather Beamer Theme
))
(/usr/share/texlive/texmf-dist/tex/latex/base/inputenc.sty
Package: inputenc 2021/02/14 v1.3d Input encoding file
\inpenc@prehook=\toks47
\inpenc@posthook=\toks48
)
(/usr/share/texlive/texmf-dist/tex/generic/babel/babel.sty
Package: babel 2022/01/26 3.70 The Babel package
\babel@savecnt=\count342
\U@D=\dimen299
\l@unhyphenated=\language9

(/usr/share/texlive/texmf-dist/tex/generic/babel/txtbabel.def)
\bbl@readstream=\read3
LaTeX Info: Redefining \textlatin on input line 3967.
\bbl@dirlevel=\count343

(/usr/share/texlive/texmf-dist/tex/generic/babel-english/english.ldf
Language: english 2017/06/06 v3.3r English support from the babel system
Package babel Info: Hyphen rules for 'canadian' set to \l@english
(babel)             (\language0). Reported on input line 102.
Package babel Info: Hyphen rules for 'australian' set to \l@ukenglish
(babel)             (\language8). Reported on input line 105.
Package babel Info: Hyphen rules for 'newzealand' set to \l@ukenglish
(babel)             (\language8). Reported on input line 108.
))
(/usr/share/texlive/texmf-dist/tex/latex/base/fontenc.sty
Package: fontenc 2021/04/29 v2.0v Standard LaTeX package
)

Package hyperref Warning: Token not allowed in a PDF string (Unicode):
(hyperref)                removing `\\' on input line 85.


Package hyperref Warning: Token not allowed in a PDF string (Unicode):
(hyperref)                removing `\\' on input line 85.

(/usr/share/texlive/texmf-dist/tex/latex/l3backend/l3backend-pdftex.def
File: l3backend-pdftex.def 2022-01-12 L3 backend support: PDF output (pdfTeX)
\l__color_backend_stack_int=\count344
\l__pdf_internal_box=\box80
)
(./Taller2.aux)
\openout1 = `Taller2.aux'.

LaTeX Font Info:    Checking defaults for OML/cmm/m/it on input line 106.
LaTeX Font Info:    ... okay on input line 106.
LaTeX Font Info:    Checking defaults for OMS/cmsy/m/n on input line 106.
LaTeX Font Info:    ... okay on input line 106.
LaTeX Font Info:    Checking defaults for OT1/cmr/m/n on input line 106.
LaTeX Font Info:    ... okay on input line 106.
LaTeX Font Info:    Checking defaults for T1/cmr/m/n on input line 106.
LaTeX Font Info:    ... okay on input line 106.
LaTeX Font Info:    Checking defaults for TS1/cmr/m/n on input line 106.
LaTeX Font Info:    ... okay on input line 106.
LaTeX Font Info:    Checking defaults for OMX/cmex/m/n on input line 106.
LaTeX Font Info:    ... okay on input line 106.
LaTeX Font Info:    Checking defaults for U/cmr/m/n on input line 106.
LaTeX Font Info:    ... okay on input line 106.
LaTeX Font Info:    Checking defaults for PD1/pdf/m/n on input line 106.
LaTeX Font Info:    ... okay on input line 106.
LaTeX Font Info:    Checking defaults for PU/pdf/m/n on input line 106.
LaTeX Font Info:    ... okay on input line 106.

*geometry* driver: auto-detecting
*geometry* detected driver: pdftex
*geometry* verbose mode - [ preamble ] result:
* driver: pdftex
* paper: custom
* layout: <same size as paper>
* layoutoffset:(h,v)=(0.0pt,0.0pt)
* modes: includehead includefoot 
* h-part:(L,W,R)=(28.45274pt, 307.28987pt, 28.45274pt)
* v-part:(T,H,B)=(0.0pt, 273.14662pt, 0.0pt)
* \paperwidth=364.19536pt
* \paperheight=273.14662pt
* \textwidth=307.28987pt
* \textheight=244.6939pt
* \oddsidemargin=-43.81725pt
* \evensidemargin=-43.81725pt
* \topmargin=-72.26999pt
* \headheight=14.22636pt
* \headsep=0.0pt
* \topskip=10.0pt
* \footskip=14.22636pt
* \marginparwidth=3.0pt
* \marginparsep=11.0pt
* \columnsep=10.0pt
* \skip\footins=9.0pt plus 4.0pt minus 2.0pt
* \hoffset=0.0pt
* \voffset=0.0pt
* \mag=1000
* \@twocolumnfalse
* \@twosidefalse
* \@mparswitchfalse
* \@reversemarginfalse
* (1in=72.27pt=25.4mm, 1cm=28.453pt)

(/usr/share/texlive/texmf-dist/tex/context/base/mkii/supp-pdf.mkii
[Loading MPS to PDF converter (version 2006.09.02).]
\scratchcounter=\count345
\scratchdimen=\dimen300
\scratchbox=\box81
\nofMPsegments=\count346
\nofMParguments=\count347
\everyMPshowfont=\toks49
\MPscratchCnt=\count348
\MPscratchDim=\dimen301
\MPnumerator=\count349
\makeMPintoPDFobject=\count350
\everyMPtoPDFconversion=\toks50
) (/usr/share/texlive/texmf-dist/tex/latex/epstopdf-pkg/epstopdf-base.sty
Package: epstopdf-base 2020-01-24 v2.11 Base part for package epstopdf

(/usr/share/texlive/texmf-dist/tex/latex/grfext/grfext.sty
Package: grfext 2019/12/03 v1.3 Manage graphics extensions (HO)
)
Package epstopdf-base Info: Redefining graphics rule for `.eps' on input line 4
85.
Package grfext Info: Graphics extension search list:
(grfext)             [.pdf,.png,.jpg,.mps,.jpeg,.jbig2,.jb2,.PDF,.PNG,.JPG,.JPE
G,.JBIG2,.JB2,.eps]
(grfext)             \AppendGraphicsExtensions on input line 504.

(/usr/share/texlive/texmf-dist/tex/latex/latexconfig/epstopdf-sys.cfg
File: epstopdf-sys.cfg 2010/07/13 v1.3 Configuration of (r)epstopdf for TeX Liv
e
))
Package hyperref Info: Link coloring OFF on input line 106.

(/usr/share/texlive/texmf-dist/tex/latex/hyperref/nameref.sty
Package: nameref 2021-04-02 v2.47 Cross-referencing by name of section

(/usr/share/texlive/texmf-dist/tex/latex/refcount/refcount.sty
Package: refcount 2019/12/15 v3.6 Data extraction from label references (HO)
)
(/usr/share/texlive/texmf-dist/tex/generic/gettitlestring/gettitlestring.sty
Package: gettitlestring 2019/12/15 v1.6 Cleanup title references (HO)
)
\c@section@level=\count351
)
LaTeX Info: Redefining \ref on input line 106.
LaTeX Info: Redefining \pageref on input line 106.
LaTeX Info: Redefining \nameref on input line 106.

(./Taller2.out) (./Taller2.out)
\@outlinefile=\write5
\openout5 = `Taller2.out'.

LaTeX Font Info:    Overwriting symbol font `operators' in version `normal'
(Font)                  OT1/cmr/m/n --> OT1/cmss/m/n on input line 106.
LaTeX Font Info:    Overwriting symbol font `operators' in version `bold'
(Font)                  OT1/cmr/bx/n --> OT1/cmss/b/n on input line 106.
\symnumbers=\mathgroup6
\sympureletters=\mathgroup7
LaTeX Font Info:    Overwriting math alphabet `\mathrm' in version `normal'
(Font)                  OT1/cmss/m/n --> T1/cmr/m/n on input line 106.
LaTeX Font Info:    Redeclaring math alphabet \mathbf on input line 106.
LaTeX Font Info:    Overwriting math alphabet `\mathbf' in version `normal'
(Font)                  OT1/cmr/bx/n --> T1/cmss/b/n on input line 106.
LaTeX Font Info:    Overwriting math alphabet `\mathbf' in version `bold'
(Font)                  OT1/cmr/bx/n --> T1/cmss/b/n on input line 106.
LaTeX Font Info:    Redeclaring math alphabet \mathsf on input line 106.
LaTeX Font Info:    Overwriting math alphabet `\mathsf' in version `normal'
(Font)                  OT1/cmss/m/n --> T1/cmss/m/n on input line 106.
LaTeX Font Info:    Overwriting math alphabet `\mathsf' in version `bold'
(Font)                  OT1/cmss/bx/n --> T1/cmss/m/n on input line 106.
LaTeX Font Info:    Redeclaring math alphabet \mathit on input line 106.
LaTeX Font Info:    Overwriting math alphabet `\mathit' in version `normal'
(Font)                  OT1/cmr/m/it --> T1/cmss/m/it on input line 106.
LaTeX Font Info:    Overwriting math alphabet `\mathit' in version `bold'
(Font)                  OT1/cmr/bx/it --> T1/cmss/m/it on input line 106.
LaTeX Font Info:    Redeclaring math alphabet \mathtt on input line 106.
LaTeX Font Info:    Overwriting math alphabet `\mathtt' in version `normal'
(Font)                  OT1/cmtt/m/n --> T1/cmtt/m/n on input line 106.
LaTeX Font Info:    Overwriting math alphabet `\mathtt' in version `bold'
(Font)                  OT1/cmtt/m/n --> T1/cmtt/m/n on input line 106.
LaTeX Font Info:    Overwriting symbol font `numbers' in version `bold'
(Font)                  T1/cmss/m/n --> T1/cmss/b/n on input line 106.
LaTeX Font Info:    Overwriting symbol font `pureletters' in version `bold'
(Font)                  T1/cmss/m/it --> T1/cmss/b/it on input line 106.
LaTeX Font Info:    Overwriting math alphabet `\mathrm' in version `bold'
(Font)                  OT1/cmss/b/n --> T1/cmr/b/n on input line 106.
LaTeX Font Info:    Overwriting math alphabet `\mathbf' in version `bold'
(Font)                  T1/cmss/b/n --> T1/cmss/b/n on input line 106.
LaTeX Font Info:    Overwriting math alphabet `\mathsf' in version `bold'
(Font)                  T1/cmss/m/n --> T1/cmss/b/n on input line 106.
LaTeX Font Info:    Overwriting math alphabet `\mathit' in version `bold'
(Font)                  T1/cmss/m/it --> T1/cmss/b/it on input line 106.
LaTeX Font Info:    Overwriting math alphabet `\mathtt' in version `bold'
(Font)                  T1/cmtt/m/n --> T1/cmtt/b/n on input line 106.

(/usr/share/texlive/texmf-dist/tex/latex/translator/translator-basic-dictionary
-English.dict
Dictionary: translator-basic-dictionary, Language: English 
)
(/usr/share/texlive/texmf-dist/tex/latex/translator/translator-bibliography-dic
tionary-English.dict
Dictionary: translator-bibliography-dictionary, Language: English 
)
(/usr/share/texlive/texmf-dist/tex/latex/translator/translator-environment-dict
ionary-English.dict
Dictionary: translator-environment-dictionary, Language: English 
)
(/usr/share/texlive/texmf-dist/tex/latex/translator/translator-months-dictionar
y-English.dict
Dictionary: translator-months-dictionary, Language: English 
)
(/usr/share/texlive/texmf-dist/tex/latex/translator/translator-numbers-dictiona
ry-English.dict
Dictionary: translator-numbers-dictionary, Language: English 
)
(/usr/share/texlive/texmf-dist/tex/latex/translator/translator-theorem-dictiona
ry-English.dict
Dictionary: translator-theorem-dictionary, Language: English 
) (./Taller2.nav)
<Feathergraphics/2.png, id=35, 339.2675pt x 481.8pt>
File: Feathergraphics/2.png Graphic file (type png)
<use Feathergraphics/2.png>
Package pdftex.def Info: Feathergraphics/2.png  used on input line 106.
(pdftex.def)             Requested size: 27.78714pt x 39.45639pt.

Missing character: There is no ; in font nullfont!
<Feathergraphics/2-2.png, id=37, 1204.5pt x 1490.56876pt>
File: Feathergraphics/2-2.png Graphic file (type png)
<use Feathergraphics/2-2.png>
Package pdftex.def Info: Feathergraphics/2-2.png  used on input line 115.
(pdftex.def)             Requested size: 54.20015pt x 67.0727pt.
LaTeX Font Info:    Trying to load font information for U+msa on input line 115
.
(/usr/share/texlive/texmf-dist/tex/latex/amsfonts/umsa.fd
File: umsa.fd 2013/01/14 v3.01 AMS symbols A
)
LaTeX Font Info:    Trying to load font information for U+msb on input line 115
.

(/usr/share/texlive/texmf-dist/tex/latex/amsfonts/umsb.fd
File: umsb.fd 2013/01/14 v3.01 AMS symbols B
)
LaTeX Font Info:    Trying to load font information for T1+cmtt on input line 1
15.

(/usr/share/texlive/texmf-dist/tex/latex/base/t1cmtt.fd
File: t1cmtt.fd 2019/12/16 v2.5j Standard LaTeX font definitions
)
<Feathergraphics/1.pdf, id=38, 599.99156pt x 566.86781pt>
File: Feathergraphics/1.pdf Graphic file (type pdf)
<use Feathergraphics/1.pdf>
Package pdftex.def Info: Feathergraphics/1.pdf  used on input line 115.
(pdftex.def)             Requested size: 364.19992pt x 273.15736pt.
 [1

{/var/lib/texmf/fonts/map/pdftex/updmap/pdftex.map} <./Feathergraphics/1.pdf> <
./Feathergraphics/2-2.png>] (./Taller2.toc)
File: Feathergraphics/2.png Graphic file (type png)
<use Feathergraphics/2.png>
Package pdftex.def Info: Feathergraphics/2.png  used on input line 120.
(pdftex.def)             Requested size: 27.78714pt x 39.45639pt.

Missing character: There is no ; in font nullfont!
[2

 <./Feathergraphics/2.png>]
File: Feathergraphics/2.png Graphic file (type png)
<use Feathergraphics/2.png>
Package pdftex.def Info: Feathergraphics/2.png  used on input line 128.
(pdftex.def)             Requested size: 27.78714pt x 39.45639pt.

Missing character: There is no ; in font nullfont!
[3

]
File: Feathergraphics/2.png Graphic file (type png)
<use Feathergraphics/2.png>
Package pdftex.def Info: Feathergraphics/2.png  used on input line 143.
(pdftex.def)             Requested size: 27.78714pt x 39.45639pt.

Missing character: There is no ; in font nullfont!
[4

]
File: Feathergraphics/2.png Graphic file (type png)
<use Feathergraphics/2.png>
Package pdftex.def Info: Feathergraphics/2.png  used on input line 143.
(pdftex.def)             Requested size: 27.78714pt x 39.45639pt.

Missing character: There is no ; in font nullfont!
[5

]
File: Feathergraphics/2.png Graphic file (type png)
<use Feathergraphics/2.png>
Package pdftex.def Info: Feathergraphics/2.png  used on input line 143.
(pdftex.def)             Requested size: 27.78714pt x 39.45639pt.

Missing character: There is no ; in font nullfont!
[6

]
File: Feathergraphics/2.png Graphic file (type png)
<use Feathergraphics/2.png>
Package pdftex.def Info: Feathergraphics/2.png  used on input line 143.
(pdftex.def)             Requested size: 27.78714pt x 39.45639pt.

Missing character: There is no ; in font nullfont!
[7

]
File: Feathergraphics/2.png Graphic file (type png)
<use Feathergraphics/2.png>
Package pdftex.def Info: Feathergraphics/2.png  used on input line 143.
(pdftex.def)             Requested size: 27.78714pt x 39.45639pt.

Missing character: There is no ; in font nullfont!
[8

]
File: Feathergraphics/2.png Graphic file (type png)
<use Feathergraphics/2.png>
Package pdftex.def Info: Feathergraphics/2.png  used on input line 143.
(pdftex.def)             Requested size: 27.78714pt x 39.45639pt.

Missing character: There is no ; in font nullfont!
[9

]
File: Feathergraphics/2.png Graphic file (type png)
<use Feathergraphics/2.png>
Package pdftex.def Info: Feathergraphics/2.png  used on input line 143.
(pdftex.def)             Requested size: 27.78714pt x 39.45639pt.

Missing character: There is no ; in font nullfont!
[10

]
File: Feathergraphics/2.png Graphic file (type png)
<use Feathergraphics/2.png>
Package pdftex.def Info: Feathergraphics/2.png  used on input line 143.
(pdftex.def)             Requested size: 27.78714pt x 39.45639pt.

Missing character: There is no ; in font nullfont!
[11

]
File: Feathergraphics/2.png Graphic file (type png)
<use Feathergraphics/2.png>
Package pdftex.def Info: Feathergraphics/2.png  used on input line 143.
(pdftex.def)             Requested size: 27.78714pt x 39.45639pt.

Missing character: There is no ; in font nullfont!
[12

]
File: Feathergraphics/2.png Graphic file (type png)
<use Feathergraphics/2.png>
Package pdftex.def Info: Feathergraphics/2.png  used on input line 143.
(pdftex.def)             Requested size: 27.78714pt x 39.45639pt.

Missing character: There is no ; in font nullfont!
[13

]
<Figures/evolucionSO.png, id=154, 711.65875pt x 414.54875pt>
File: Figures/evolucionSO.png Graphic file (type png)
<use Figures/evolucionSO.png>
Package pdftex.def Info: Figures/evolucionSO.png  used on input line 147.
(pdftex.def)             Requested size: 284.65845pt x 165.81656pt.
File: Feathergraphics/2.png Graphic file (type png)
<use Feathergraphics/2.png>
Package pdftex.def Info: Feathergraphics/2.png  used on input line 147.
(pdftex.def)             Requested size: 27.78714pt x 39.45639pt.

Missing character: There is no ; in font nullfont!
[14

 <./Figures/evolucionSO.png>]
<Figures/windows.png, id=164, 225.84375pt x 225.84375pt>
File: Figures/windows.png Graphic file (type png)
<use Figures/windows.png>
Package pdftex.def Info: Figures/windows.png  used on input line 155.
(pdftex.def)             Requested size: 112.92159pt x 112.92159pt.
File: Feathergraphics/2.png Graphic file (type png)
<use Feathergraphics/2.png>
Package pdftex.def Info: Feathergraphics/2.png  used on input line 155.
(pdftex.def)             Requested size: 27.78714pt x 39.45639pt.

Missing character: There is no ; in font nullfont!
[15

 <./Figures/windows.png>]
<Figures/Bill-Gates-y-Paul-Allen.jpg, id=172, 451.6875pt x 406.51875pt>
File: Figures/Bill-Gates-y-Paul-Allen.jpg Graphic file (type jpg)
<use Figures/Bill-Gates-y-Paul-Allen.jpg>
Package pdftex.def Info: Figures/Bill-Gates-y-Paul-Allen.jpg  used on input lin
e 162.
(pdftex.def)             Requested size: 203.25749pt x 182.93173pt.
File: Feathergraphics/2.png Graphic file (type png)
<use Feathergraphics/2.png>
Package pdftex.def Info: Feathergraphics/2.png  used on input line 162.
(pdftex.def)             Requested size: 27.78714pt x 39.45639pt.

Missing character: There is no ; in font nullfont!
[16

 <./Figures/Bill-Gates-y-Paul-Allen.jpg>]
<Figures/MSDOS.jpeg, id=180, 197.73875pt x 255.95625pt>
File: Figures/MSDOS.jpeg Graphic file (type jpg)
<use Figures/MSDOS.jpeg>
Package pdftex.def Info: Figures/MSDOS.jpeg  used on input line 177.
(pdftex.def)             Requested size: 98.86913pt x 127.9778pt.

Overfull \vbox (97.34668pt too high) detected at line 177
 []

File: Feathergraphics/2.png Graphic file (type png)
<use Feathergraphics/2.png>
Package pdftex.def Info: Feathergraphics/2.png  used on input line 177.
(pdftex.def)             Requested size: 27.78714pt x 39.45639pt.
Missing character: There is no ; in font nullfont!
[17

 <./Figures/MSDOS.jpeg>]
File: Figures/windows.png Graphic file (type png)
<use Figures/windows.png>
Package pdftex.def Info: Figures/windows.png  used on input line 177.
(pdftex.def)             Requested size: 45.16794pt x 45.16794pt.
File: Feathergraphics/2.png Graphic file (type png)
<use Feathergraphics/2.png>
Package pdftex.def Info: Feathergraphics/2.png  used on input line 177.
(pdftex.def)             Requested size: 27.78714pt x 39.45639pt.

Missing character: There is no ; in font nullfont!
[18

]
File: Figures/windows.png Graphic file (type png)
<use Figures/windows.png>
Package pdftex.def Info: Figures/windows.png  used on input line 177.
(pdftex.def)             Requested size: 45.16794pt x 45.16794pt.
File: Feathergraphics/2.png Graphic file (type png)
<use Feathergraphics/2.png>
Package pdftex.def Info: Feathergraphics/2.png  used on input line 177.
(pdftex.def)             Requested size: 27.78714pt x 39.45639pt.

Missing character: There is no ; in font nullfont!
[19

]
File: Figures/windows.png Graphic file (type png)
<use Figures/windows.png>
Package pdftex.def Info: Figures/windows.png  used on input line 177.
(pdftex.def)             Requested size: 45.16794pt x 45.16794pt.
File: Feathergraphics/2.png Graphic file (type png)
<use Feathergraphics/2.png>
Package pdftex.def Info: Feathergraphics/2.png  used on input line 177.
(pdftex.def)             Requested size: 27.78714pt x 39.45639pt.

Missing character: There is no ; in font nullfont!
[20

]
File: Figures/windows.png Graphic file (type png)
<use Figures/windows.png>
Package pdftex.def Info: Figures/windows.png  used on input line 177.
(pdftex.def)             Requested size: 45.16794pt x 45.16794pt.
File: Feathergraphics/2.png Graphic file (type png)
<use Feathergraphics/2.png>
Package pdftex.def Info: Feathergraphics/2.png  used on input line 177.
(pdftex.def)             Requested size: 27.78714pt x 39.45639pt.

Missing character: There is no ; in font nullfont!
[21

]
File: Figures/windows.png Graphic file (type png)
<use Figures/windows.png>
Package pdftex.def Info: Figures/windows.png  used on input line 177.
(pdftex.def)             Requested size: 45.16794pt x 45.16794pt.
File: Feathergraphics/2.png Graphic file (type png)
<use Feathergraphics/2.png>
Package pdftex.def Info: Feathergraphics/2.png  used on input line 177.
(pdftex.def)             Requested size: 27.78714pt x 39.45639pt.

Missing character: There is no ; in font nullfont!
[22

]
File: Figures/windows.png Graphic file (type png)
<use Figures/windows.png>
Package pdftex.def Info: Figures/windows.png  used on input line 177.
(pdftex.def)             Requested size: 45.16794pt x 45.16794pt.
File: Feathergraphics/2.png Graphic file (type png)
<use Feathergraphics/2.png>
Package pdftex.def Info: Feathergraphics/2.png  used on input line 177.
(pdftex.def)             Requested size: 27.78714pt x 39.45639pt.

Missing character: There is no ; in font nullfont!
[23

]
File: Figures/windows.png Graphic file (type png)
<use Figures/windows.png>
Package pdftex.def Info: Figures/windows.png  used on input line 177.
(pdftex.def)             Requested size: 45.16794pt x 45.16794pt.
File: Feathergraphics/2.png Graphic file (type png)
<use Feathergraphics/2.png>
Package pdftex.def Info: Feathergraphics/2.png  used on input line 177.
(pdftex.def)             Requested size: 27.78714pt x 39.45639pt.

Missing character: There is no ; in font nullfont!
[24

]
<Figures/LINUX.png, id=238, 1284.8pt x 722.7pt>
File: Figures/LINUX.png Graphic file (type png)
<use Figures/LINUX.png>
Package pdftex.def Info: Figures/LINUX.png  used on input line 185.
(pdftex.def)             Requested size: 192.71169pt x 108.40031pt.
File: Feathergraphics/2.png Graphic file (type png)
<use Feathergraphics/2.png>
Package pdftex.def Info: Feathergraphics/2.png  used on input line 185.
(pdftex.def)             Requested size: 27.78714pt x 39.45639pt.

Missing character: There is no ; in font nullfont!
[25

 <./Figures/LINUX.png>]
<Figures/Richard_Stallman.jpg, id=247, 334.24875pt x 366.36874pt>
File: Figures/Richard_Stallman.jpg Graphic file (type jpg)
<use Figures/Richard_Stallman.jpg>
Package pdftex.def Info: Figures/Richard_Stallman.jpg  used on input line 193.
(pdftex.def)             Requested size: 100.27539pt x 109.91147pt.
<Figures/Linus.png, id=248, 268.75406pt x 190.46156pt>
File: Figures/Linus.png Graphic file (type png)
<use Figures/Linus.png>
Package pdftex.def Info: Figures/Linus.png  used on input line 193.
(pdftex.def)             Requested size: 155.87746pt x 110.46776pt.
File: Feathergraphics/2.png Graphic file (type png)
<use Feathergraphics/2.png>
Package pdftex.def Info: Feathergraphics/2.png  used on input line 193.
(pdftex.def)             Requested size: 27.78714pt x 39.45639pt.

Missing character: There is no ; in font nullfont!
[26

 <./Figures/Richard_Stallman.jpg> <./Figures/Linus.png>]
<Figures/linuxDist.jpg, id=257, 1284.8pt x 803.0pt>
File: Figures/linuxDist.jpg Graphic file (type jpg)
<use Figures/linuxDist.jpg>
Package pdftex.def Info: Figures/linuxDist.jpg  used on input line 198.
(pdftex.def)             Requested size: 282.65688pt x 176.66054pt.
File: Feathergraphics/2.png Graphic file (type png)
<use Feathergraphics/2.png>
Package pdftex.def Info: Feathergraphics/2.png  used on input line 198.
(pdftex.def)             Requested size: 27.78714pt x 39.45639pt.

Missing character: There is no ; in font nullfont!
[27

 <./Figures/linuxDist.jpg>]
<Figures/LinuxDif.png, id=265, 722.7pt x 361.35pt>
File: Figures/LinuxDif.png Graphic file (type png)
<use Figures/LinuxDif.png>
Package pdftex.def Info: Figures/LinuxDif.png  used on input line 198.
(pdftex.def)             Requested size: 325.21199pt x 162.60599pt.

Overfull \hbox (17.92212pt too wide) in paragraph at lines 198--198
[][]  
 []

File: Feathergraphics/2.png Graphic file (type png)
<use Feathergraphics/2.png>
Package pdftex.def Info: Feathergraphics/2.png  used on input line 198.
(pdftex.def)             Requested size: 27.78714pt x 39.45639pt.
Missing character: There is no ; in font nullfont!
[28

 <./Figures/LinuxDif.png>]
<Figures/gnulinux.png, id=274, 760.8425pt x 436.63126pt>
File: Figures/gnulinux.png Graphic file (type png)
<use Figures/gnulinux.png>
Package pdftex.def Info: Figures/gnulinux.png  used on input line 218.
(pdftex.def)             Requested size: 304.3316pt x 174.6494pt.

Overfull \vbox (272.81836pt too high) detected at line 218
 []

File: Feathergraphics/2.png Graphic file (type png)
<use Feathergraphics/2.png>
Package pdftex.def Info: Feathergraphics/2.png  used on input line 218.
(pdftex.def)             Requested size: 27.78714pt x 39.45639pt.
Missing character: There is no ; in font nullfont!
[29

 <./Figures/gnulinux.png>]
File: Figures/LINUX.png Graphic file (type png)
<use Figures/LINUX.png>
Package pdftex.def Info: Figures/LINUX.png  used on input line 218.
(pdftex.def)             Requested size: 64.24376pt x 36.13712pt.
File: Feathergraphics/2.png Graphic file (type png)
<use Feathergraphics/2.png>
Package pdftex.def Info: Feathergraphics/2.png  used on input line 218.
(pdftex.def)             Requested size: 27.78714pt x 39.45639pt.

Missing character: There is no ; in font nullfont!
[30

]
File: Figures/LINUX.png Graphic file (type png)
<use Figures/LINUX.png>
Package pdftex.def Info: Figures/LINUX.png  used on input line 218.
(pdftex.def)             Requested size: 64.24376pt x 36.13712pt.
File: Feathergraphics/2.png Graphic file (type png)
<use Feathergraphics/2.png>
Package pdftex.def Info: Feathergraphics/2.png  used on input line 218.
(pdftex.def)             Requested size: 27.78714pt x 39.45639pt.

Missing character: There is no ; in font nullfont!
[31

]
File: Figures/LINUX.png Graphic file (type png)
<use Figures/LINUX.png>
Package pdftex.def Info: Figures/LINUX.png  used on input line 218.
(pdftex.def)             Requested size: 64.24376pt x 36.13712pt.
File: Feathergraphics/2.png Graphic file (type png)
<use Feathergraphics/2.png>
Package pdftex.def Info: Feathergraphics/2.png  used on input line 218.
(pdftex.def)             Requested size: 27.78714pt x 39.45639pt.

Missing character: There is no ; in font nullfont!
[32

]
File: Figures/LINUX.png Graphic file (type png)
<use Figures/LINUX.png>
Package pdftex.def Info: Figures/LINUX.png  used on input line 218.
(pdftex.def)             Requested size: 64.24376pt x 36.13712pt.
File: Feathergraphics/2.png Graphic file (type png)
<use Feathergraphics/2.png>
Package pdftex.def Info: Feathergraphics/2.png  used on input line 218.
(pdftex.def)             Requested size: 27.78714pt x 39.45639pt.

Missing character: There is no ; in font nullfont!
[33

]
File: Figures/LINUX.png Graphic file (type png)
<use Figures/LINUX.png>
Package pdftex.def Info: Figures/LINUX.png  used on input line 218.
(pdftex.def)             Requested size: 64.24376pt x 36.13712pt.
File: Feathergraphics/2.png Graphic file (type png)
<use Feathergraphics/2.png>
Package pdftex.def Info: Feathergraphics/2.png  used on input line 218.
(pdftex.def)             Requested size: 27.78714pt x 39.45639pt.

Missing character: There is no ; in font nullfont!
[34

]
File: Figures/LINUX.png Graphic file (type png)
<use Figures/LINUX.png>
Package pdftex.def Info: Figures/LINUX.png  used on input line 218.
(pdftex.def)             Requested size: 64.24376pt x 36.13712pt.
File: Feathergraphics/2.png Graphic file (type png)
<use Feathergraphics/2.png>
Package pdftex.def Info: Feathergraphics/2.png  used on input line 218.
(pdftex.def)             Requested size: 27.78714pt x 39.45639pt.

Missing character: There is no ; in font nullfont!
[35

]
File: Figures/LINUX.png Graphic file (type png)
<use Figures/LINUX.png>
Package pdftex.def Info: Figures/LINUX.png  used on input line 218.
(pdftex.def)             Requested size: 64.24376pt x 36.13712pt.
File: Feathergraphics/2.png Graphic file (type png)
<use Feathergraphics/2.png>
Package pdftex.def Info: Feathergraphics/2.png  used on input line 218.
(pdftex.def)             Requested size: 27.78714pt x 39.45639pt.

Missing character: There is no ; in font nullfont!
[36

]
File: Figures/LINUX.png Graphic file (type png)
<use Figures/LINUX.png>
Package pdftex.def Info: Figures/LINUX.png  used on input line 218.
(pdftex.def)             Requested size: 64.24376pt x 36.13712pt.
File: Feathergraphics/2.png Graphic file (type png)
<use Feathergraphics/2.png>
Package pdftex.def Info: Feathergraphics/2.png  used on input line 218.
(pdftex.def)             Requested size: 27.78714pt x 39.45639pt.

Missing character: There is no ; in font nullfont!
[37

]
File: Figures/LINUX.png Graphic file (type png)
<use Figures/LINUX.png>
Package pdftex.def Info: Figures/LINUX.png  used on input line 218.
(pdftex.def)             Requested size: 64.24376pt x 36.13712pt.
File: Feathergraphics/2.png Graphic file (type png)
<use Feathergraphics/2.png>
Package pdftex.def Info: Feathergraphics/2.png  used on input line 218.
(pdftex.def)             Requested size: 27.78714pt x 39.45639pt.

Missing character: There is no ; in font nullfont!
[38

]
File: Figures/LINUX.png Graphic file (type png)
<use Figures/LINUX.png>
Package pdftex.def Info: Figures/LINUX.png  used on input line 218.
(pdftex.def)             Requested size: 64.24376pt x 36.13712pt.
File: Feathergraphics/2.png Graphic file (type png)
<use Feathergraphics/2.png>
Package pdftex.def Info: Feathergraphics/2.png  used on input line 218.
(pdftex.def)             Requested size: 27.78714pt x 39.45639pt.

Missing character: There is no ; in font nullfont!
[39

]
File: Figures/LINUX.png Graphic file (type png)
<use Figures/LINUX.png>
Package pdftex.def Info: Figures/LINUX.png  used on input line 218.
(pdftex.def)             Requested size: 64.24376pt x 36.13712pt.
File: Feathergraphics/2.png Graphic file (type png)
<use Feathergraphics/2.png>
Package pdftex.def Info: Feathergraphics/2.png  used on input line 218.
(pdftex.def)             Requested size: 27.78714pt x 39.45639pt.

Missing character: There is no ; in font nullfont!
[40

]
File: Figures/LINUX.png Graphic file (type png)
<use Figures/LINUX.png>
Package pdftex.def Info: Figures/LINUX.png  used on input line 218.
(pdftex.def)             Requested size: 64.24376pt x 36.13712pt.
File: Feathergraphics/2.png Graphic file (type png)
<use Feathergraphics/2.png>
Package pdftex.def Info: Feathergraphics/2.png  used on input line 218.
(pdftex.def)             Requested size: 27.78714pt x 39.45639pt.

Missing character: There is no ; in font nullfont!
[41

]
<Figures/MCOs.png, id=370, 331.2375pt x 331.2375pt>
File: Figures/MCOs.png Graphic file (type png)
<use Figures/MCOs.png>
Package pdftex.def Info: Figures/MCOs.png  used on input line 227.
(pdftex.def)             Requested size: 115.93484pt x 115.93484pt.
File: Feathergraphics/2.png Graphic file (type png)
<use Feathergraphics/2.png>
Package pdftex.def Info: Feathergraphics/2.png  used on input line 227.
(pdftex.def)             Requested size: 27.78714pt x 39.45639pt.

Missing character: There is no ; in font nullfont!
[42

 <./Figures/MCOs.png>]
<Figures/apple-macintosh.jpg, id=378, 554.07pt x 385.44pt>
File: Figures/apple-macintosh.jpg Graphic file (type jpg)
<use Figures/apple-macintosh.jpg>
Package pdftex.def Info: Figures/apple-macintosh.jpg  used on input line 234.
(pdftex.def)             Requested size: 277.03432pt x 192.71953pt.
File: Feathergraphics/2.png Graphic file (type png)
<use Feathergraphics/2.png>
Package pdftex.def Info: Feathergraphics/2.png  used on input line 234.
(pdftex.def)             Requested size: 27.78714pt x 39.45639pt.

Missing character: There is no ; in font nullfont!
[43

 <./Figures/apple-macintosh.jpg>]
<Figures/MacOS.png, id=387, 301.125pt x 261.97874pt>
File: Figures/MacOS.png Graphic file (type png)
<use Figures/MacOS.png>
Package pdftex.def Info: Figures/MacOS.png  used on input line 248.
(pdftex.def)             Requested size: 150.56212pt x 130.98904pt.

Overfull \vbox (13.158pt too high) detected at line 248
 []

File: Feathergraphics/2.png Graphic file (type png)
<use Feathergraphics/2.png>
Package pdftex.def Info: Feathergraphics/2.png  used on input line 248.
(pdftex.def)             Requested size: 27.78714pt x 39.45639pt.
Missing character: There is no ; in font nullfont!
[44

 <./Figures/MacOS.png>]
<Figures/macos.png, id=396, 1027.84pt x 1027.84pt>
File: Figures/macos.png Graphic file (type png)
<use Figures/macos.png>
Package pdftex.def Info: Figures/macos.png  used on input line 248.
(pdftex.def)             Requested size: 205.56436pt x 205.56436pt.

Overfull \vbox (87.73332pt too high) detected at line 248
 []

File: Feathergraphics/2.png Graphic file (type png)
<use Feathergraphics/2.png>
Package pdftex.def Info: Feathergraphics/2.png  used on input line 248.
(pdftex.def)             Requested size: 27.78714pt x 39.45639pt.
Missing character: There is no ; in font nullfont!
[45

 <./Figures/macos.png>]
File: Figures/MCOs.png Graphic file (type png)
<use Figures/MCOs.png>
Package pdftex.def Info: Figures/MCOs.png  used on input line 248.
(pdftex.def)             Requested size: 66.24632pt x 66.24632pt.
File: Feathergraphics/2.png Graphic file (type png)
<use Feathergraphics/2.png>
Package pdftex.def Info: Feathergraphics/2.png  used on input line 248.
(pdftex.def)             Requested size: 27.78714pt x 39.45639pt.

Missing character: There is no ; in font nullfont!
[46

]
File: Figures/MCOs.png Graphic file (type png)
<use Figures/MCOs.png>
Package pdftex.def Info: Figures/MCOs.png  used on input line 248.
(pdftex.def)             Requested size: 66.24632pt x 66.24632pt.
File: Feathergraphics/2.png Graphic file (type png)
<use Feathergraphics/2.png>
Package pdftex.def Info: Feathergraphics/2.png  used on input line 248.
(pdftex.def)             Requested size: 27.78714pt x 39.45639pt.

Missing character: There is no ; in font nullfont!
[47

]
File: Figures/MCOs.png Graphic file (type png)
<use Figures/MCOs.png>
Package pdftex.def Info: Figures/MCOs.png  used on input line 248.
(pdftex.def)             Requested size: 66.24632pt x 66.24632pt.
File: Feathergraphics/2.png Graphic file (type png)
<use Feathergraphics/2.png>
Package pdftex.def Info: Feathergraphics/2.png  used on input line 248.
(pdftex.def)             Requested size: 27.78714pt x 39.45639pt.

Missing character: There is no ; in font nullfont!
[48

]
File: Figures/MCOs.png Graphic file (type png)
<use Figures/MCOs.png>
Package pdftex.def Info: Figures/MCOs.png  used on input line 248.
(pdftex.def)             Requested size: 66.24632pt x 66.24632pt.
File: Feathergraphics/2.png Graphic file (type png)
<use Feathergraphics/2.png>
Package pdftex.def Info: Feathergraphics/2.png  used on input line 248.
(pdftex.def)             Requested size: 27.78714pt x 39.45639pt.

Missing character: There is no ; in font nullfont!
[49

]
File: Figures/MCOs.png Graphic file (type png)
<use Figures/MCOs.png>
Package pdftex.def Info: Figures/MCOs.png  used on input line 248.
(pdftex.def)             Requested size: 66.24632pt x 66.24632pt.
File: Feathergraphics/2.png Graphic file (type png)
<use Feathergraphics/2.png>
Package pdftex.def Info: Feathergraphics/2.png  used on input line 248.
(pdftex.def)             Requested size: 27.78714pt x 39.45639pt.

Missing character: There is no ; in font nullfont!
[50

]
<Figures/SOMasUsado.jpeg, id=442, 963.6pt x 686.565pt>
File: Figures/SOMasUsado.jpeg Graphic file (type jpg)
<use Figures/SOMasUsado.jpeg>
Package pdftex.def Info: Figures/SOMasUsado.jpeg  used on input line 252.
(pdftex.def)             Requested size: 269.80615pt x 192.23688pt.
File: Feathergraphics/2.png Graphic file (type png)
<use Feathergraphics/2.png>
Package pdftex.def Info: Feathergraphics/2.png  used on input line 252.
(pdftex.def)             Requested size: 27.78714pt x 39.45639pt.

Missing character: There is no ; in font nullfont!
[51

 <./Figures/SOMasUsado.jpeg>]
<Figures/terminal.png, id=450, 225.84375pt x 225.84375pt>
File: Figures/terminal.png Graphic file (type png)
<use Figures/terminal.png>
Package pdftex.def Info: Figures/terminal.png  used on input line 260.
(pdftex.def)             Requested size: 90.33589pt x 90.33589pt.
File: Feathergraphics/2.png Graphic file (type png)
<use Feathergraphics/2.png>
Package pdftex.def Info: Feathergraphics/2.png  used on input line 260.
(pdftex.def)             Requested size: 27.78714pt x 39.45639pt.

Missing character: There is no ; in font nullfont!
[52

 <./Figures/terminal.png>]
File: Figures/terminal.png Graphic file (type png)
<use Figures/terminal.png>
Package pdftex.def Info: Figures/terminal.png  used on input line 278.
(pdftex.def)             Requested size: 45.16794pt x 45.16794pt.
File: Feathergraphics/2.png Graphic file (type png)
<use Feathergraphics/2.png>
Package pdftex.def Info: Feathergraphics/2.png  used on input line 278.
(pdftex.def)             Requested size: 27.78714pt x 39.45639pt.

Missing character: There is no ; in font nullfont!
[53

]
File: Figures/terminal.png Graphic file (type png)
<use Figures/terminal.png>
Package pdftex.def Info: Figures/terminal.png  used on input line 278.
(pdftex.def)             Requested size: 45.16794pt x 45.16794pt.
File: Feathergraphics/2.png Graphic file (type png)
<use Feathergraphics/2.png>
Package pdftex.def Info: Feathergraphics/2.png  used on input line 278.
(pdftex.def)             Requested size: 27.78714pt x 39.45639pt.

Missing character: There is no ; in font nullfont!
[54

]
File: Figures/terminal.png Graphic file (type png)
<use Figures/terminal.png>
Package pdftex.def Info: Figures/terminal.png  used on input line 278.
(pdftex.def)             Requested size: 45.16794pt x 45.16794pt.
File: Feathergraphics/2.png Graphic file (type png)
<use Feathergraphics/2.png>
Package pdftex.def Info: Feathergraphics/2.png  used on input line 278.
(pdftex.def)             Requested size: 27.78714pt x 39.45639pt.

Missing character: There is no ; in font nullfont!
[55

]
File: Figures/terminal.png Graphic file (type png)
<use Figures/terminal.png>
Package pdftex.def Info: Figures/terminal.png  used on input line 278.
(pdftex.def)             Requested size: 45.16794pt x 45.16794pt.
File: Feathergraphics/2.png Graphic file (type png)
<use Feathergraphics/2.png>
Package pdftex.def Info: Feathergraphics/2.png  used on input line 278.
(pdftex.def)             Requested size: 27.78714pt x 39.45639pt.

Missing character: There is no ; in font nullfont!
[56

]
File: Figures/terminal.png Graphic file (type png)
<use Figures/terminal.png>
Package pdftex.def Info: Figures/terminal.png  used on input line 278.
(pdftex.def)             Requested size: 45.16794pt x 45.16794pt.
File: Feathergraphics/2.png Graphic file (type png)
<use Feathergraphics/2.png>
Package pdftex.def Info: Feathergraphics/2.png  used on input line 278.
(pdftex.def)             Requested size: 27.78714pt x 39.45639pt.

Missing character: There is no ; in font nullfont!
[57

]
File: Figures/terminal.png Graphic file (type png)
<use Figures/terminal.png>
Package pdftex.def Info: Figures/terminal.png  used on input line 278.
(pdftex.def)             Requested size: 45.16794pt x 45.16794pt.
File: Feathergraphics/2.png Graphic file (type png)
<use Feathergraphics/2.png>
Package pdftex.def Info: Feathergraphics/2.png  used on input line 278.
(pdftex.def)             Requested size: 27.78714pt x 39.45639pt.

Missing character: There is no ; in font nullfont!
[58

]
File: Figures/terminal.png Graphic file (type png)
<use Figures/terminal.png>
Package pdftex.def Info: Figures/terminal.png  used on input line 278.
(pdftex.def)             Requested size: 45.16794pt x 45.16794pt.
File: Feathergraphics/2.png Graphic file (type png)
<use Feathergraphics/2.png>
Package pdftex.def Info: Feathergraphics/2.png  used on input line 278.
(pdftex.def)             Requested size: 27.78714pt x 39.45639pt.

Missing character: There is no ; in font nullfont!
[59

]
File: Figures/terminal.png Graphic file (type png)
<use Figures/terminal.png>
Package pdftex.def Info: Figures/terminal.png  used on input line 278.
(pdftex.def)             Requested size: 45.16794pt x 45.16794pt.
File: Feathergraphics/2.png Graphic file (type png)
<use Feathergraphics/2.png>
Package pdftex.def Info: Feathergraphics/2.png  used on input line 278.
(pdftex.def)             Requested size: 27.78714pt x 39.45639pt.

Missing character: There is no ; in font nullfont!
[60

]
File: Figures/terminal.png Graphic file (type png)
<use Figures/terminal.png>
Package pdftex.def Info: Figures/terminal.png  used on input line 278.
(pdftex.def)             Requested size: 45.16794pt x 45.16794pt.
File: Feathergraphics/2.png Graphic file (type png)
<use Feathergraphics/2.png>
Package pdftex.def Info: Feathergraphics/2.png  used on input line 278.
(pdftex.def)             Requested size: 27.78714pt x 39.45639pt.

Missing character: There is no ; in font nullfont!
[61

]
File: Figures/terminal.png Graphic file (type png)
<use Figures/terminal.png>
Package pdftex.def Info: Figures/terminal.png  used on input line 278.
(pdftex.def)             Requested size: 45.16794pt x 45.16794pt.
File: Feathergraphics/2.png Graphic file (type png)
<use Feathergraphics/2.png>
Package pdftex.def Info: Feathergraphics/2.png  used on input line 278.
(pdftex.def)             Requested size: 27.78714pt x 39.45639pt.

Missing character: There is no ; in font nullfont!
[62

]
File: Figures/terminal.png Graphic file (type png)
<use Figures/terminal.png>
Package pdftex.def Info: Figures/terminal.png  used on input line 278.
(pdftex.def)             Requested size: 45.16794pt x 45.16794pt.
File: Feathergraphics/2.png Graphic file (type png)
<use Feathergraphics/2.png>
Package pdftex.def Info: Feathergraphics/2.png  used on input line 278.
(pdftex.def)             Requested size: 27.78714pt x 39.45639pt.

Missing character: There is no ; in font nullfont!
[63

]
File: Figures/terminal.png Graphic file (type png)
<use Figures/terminal.png>
Package pdftex.def Info: Figures/terminal.png  used on input line 299.
(pdftex.def)             Requested size: 45.16794pt x 45.16794pt.
File: Feathergraphics/2.png Graphic file (type png)
<use Feathergraphics/2.png>
Package pdftex.def Info: Feathergraphics/2.png  used on input line 299.
(pdftex.def)             Requested size: 27.78714pt x 39.45639pt.

Missing character: There is no ; in font nullfont!
[64

]
File: Figures/terminal.png Graphic file (type png)
<use Figures/terminal.png>
Package pdftex.def Info: Figures/terminal.png  used on input line 299.
(pdftex.def)             Requested size: 45.16794pt x 45.16794pt.
File: Feathergraphics/2.png Graphic file (type png)
<use Feathergraphics/2.png>
Package pdftex.def Info: Feathergraphics/2.png  used on input line 299.
(pdftex.def)             Requested size: 27.78714pt x 39.45639pt.

Missing character: There is no ; in font nullfont!
[65

]
File: Figures/terminal.png Graphic file (type png)
<use Figures/terminal.png>
Package pdftex.def Info: Figures/terminal.png  used on input line 299.
(pdftex.def)             Requested size: 45.16794pt x 45.16794pt.
File: Feathergraphics/2.png Graphic file (type png)
<use Feathergraphics/2.png>
Package pdftex.def Info: Feathergraphics/2.png  used on input line 299.
(pdftex.def)             Requested size: 27.78714pt x 39.45639pt.

Missing character: There is no ; in font nullfont!
[66

]
File: Figures/terminal.png Graphic file (type png)
<use Figures/terminal.png>
Package pdftex.def Info: Figures/terminal.png  used on input line 299.
(pdftex.def)             Requested size: 45.16794pt x 45.16794pt.
File: Feathergraphics/2.png Graphic file (type png)
<use Feathergraphics/2.png>
Package pdftex.def Info: Feathergraphics/2.png  used on input line 299.
(pdftex.def)             Requested size: 27.78714pt x 39.45639pt.

Missing character: There is no ; in font nullfont!
[67

]
File: Figures/terminal.png Graphic file (type png)
<use Figures/terminal.png>
Package pdftex.def Info: Figures/terminal.png  used on input line 299.
(pdftex.def)             Requested size: 45.16794pt x 45.16794pt.
File: Feathergraphics/2.png Graphic file (type png)
<use Feathergraphics/2.png>
Package pdftex.def Info: Feathergraphics/2.png  used on input line 299.
(pdftex.def)             Requested size: 27.78714pt x 39.45639pt.

Missing character: There is no ; in font nullfont!
[68

]
File: Figures/terminal.png Graphic file (type png)
<use Figures/terminal.png>
Package pdftex.def Info: Figures/terminal.png  used on input line 299.
(pdftex.def)             Requested size: 45.16794pt x 45.16794pt.
File: Feathergraphics/2.png Graphic file (type png)
<use Feathergraphics/2.png>
Package pdftex.def Info: Feathergraphics/2.png  used on input line 299.
(pdftex.def)             Requested size: 27.78714pt x 39.45639pt.

Missing character: There is no ; in font nullfont!
[69

]
File: Figures/terminal.png Graphic file (type png)
<use Figures/terminal.png>
Package pdftex.def Info: Figures/terminal.png  used on input line 299.
(pdftex.def)             Requested size: 45.16794pt x 45.16794pt.
File: Feathergraphics/2.png Graphic file (type png)
<use Feathergraphics/2.png>
Package pdftex.def Info: Feathergraphics/2.png  used on input line 299.
(pdftex.def)             Requested size: 27.78714pt x 39.45639pt.

Missing character: There is no ; in font nullfont!
[70

]
File: Figures/terminal.png Graphic file (type png)
<use Figures/terminal.png>
Package pdftex.def Info: Figures/terminal.png  used on input line 299.
(pdftex.def)             Requested size: 45.16794pt x 45.16794pt.
File: Feathergraphics/2.png Graphic file (type png)
<use Feathergraphics/2.png>
Package pdftex.def Info: Feathergraphics/2.png  used on input line 299.
(pdftex.def)             Requested size: 27.78714pt x 39.45639pt.

Missing character: There is no ; in font nullfont!
[71

]
File: Figures/terminal.png Graphic file (type png)
<use Figures/terminal.png>
Package pdftex.def Info: Figures/terminal.png  used on input line 299.
(pdftex.def)             Requested size: 45.16794pt x 45.16794pt.
File: Feathergraphics/2.png Graphic file (type png)
<use Feathergraphics/2.png>
Package pdftex.def Info: Feathergraphics/2.png  used on input line 299.
(pdftex.def)             Requested size: 27.78714pt x 39.45639pt.

Missing character: There is no ; in font nullfont!
[72

]
File: Figures/terminal.png Graphic file (type png)
<use Figures/terminal.png>
Package pdftex.def Info: Figures/terminal.png  used on input line 299.
(pdftex.def)             Requested size: 45.16794pt x 45.16794pt.
File: Feathergraphics/2.png Graphic file (type png)
<use Feathergraphics/2.png>
Package pdftex.def Info: Feathergraphics/2.png  used on input line 299.
(pdftex.def)             Requested size: 27.78714pt x 39.45639pt.

Missing character: There is no ; in font nullfont!
[73

]
File: Figures/terminal.png Graphic file (type png)
<use Figures/terminal.png>
Package pdftex.def Info: Figures/terminal.png  used on input line 299.
(pdftex.def)             Requested size: 45.16794pt x 45.16794pt.
File: Feathergraphics/2.png Graphic file (type png)
<use Feathergraphics/2.png>
Package pdftex.def Info: Feathergraphics/2.png  used on input line 299.
(pdftex.def)             Requested size: 27.78714pt x 39.45639pt.

Missing character: There is no ; in font nullfont!
[74

]
File: Figures/terminal.png Graphic file (type png)
<use Figures/terminal.png>
Package pdftex.def Info: Figures/terminal.png  used on input line 299.
(pdftex.def)             Requested size: 45.16794pt x 45.16794pt.
File: Feathergraphics/2.png Graphic file (type png)
<use Feathergraphics/2.png>
Package pdftex.def Info: Feathergraphics/2.png  used on input line 299.
(pdftex.def)             Requested size: 27.78714pt x 39.45639pt.

Missing character: There is no ; in font nullfont!
[75

]
File: Figures/terminal.png Graphic file (type png)
<use Figures/terminal.png>
Package pdftex.def Info: Figures/terminal.png  used on input line 299.
(pdftex.def)             Requested size: 45.16794pt x 45.16794pt.
File: Feathergraphics/2.png Graphic file (type png)
<use Feathergraphics/2.png>
Package pdftex.def Info: Feathergraphics/2.png  used on input line 299.
(pdftex.def)             Requested size: 27.78714pt x 39.45639pt.

Missing character: There is no ; in font nullfont!
[76

]
File: Feathergraphics/1.pdf Graphic file (type pdf)
<use Feathergraphics/1.pdf>
Package pdftex.def Info: Feathergraphics/1.pdf  used on input line 304.
(pdftex.def)             Requested size: 364.19992pt x 273.15736pt.
 [77

]
\tf@nav=\write6
\openout6 = `Taller2.nav'.

\tf@toc=\write7
\openout7 = `Taller2.toc'.

\tf@snm=\write8
\openout8 = `Taller2.snm'.

 (./Taller2.aux)
Package rerunfilecheck Info: File `Taller2.out' has not changed.
(rerunfilecheck)             Checksum: 675A5923B46D7CDB9D0D0B88ACBC1A2D;652.
 ) 
Here is how much of TeX's memory you used:
 26500 strings out of 480129
 524564 string characters out of 5893410
 771813 words of memory out of 5000000
 43739 multiletter control sequences out of 15000+600000
 493291 words of font info for 79 fonts, out of 8000000 for 9000
 81 hyphenation exceptions out of 8191
 99i,17n,104p,397b,975s stack positions out of 5000i,500n,10000p,200000b,80000s
 </home/jcallem94/.texlive2021/texmf-var/fonts/pk/ljfour/jknappen/ec/ecsx1000
.600pk> </home/jcallem94/.texlive2021/texmf-var/fonts/pk/ljfour/jknappen/ec/ecs
s2488.600pk> </home/jcallem94/.texlive2021/texmf-var/fonts/pk/ljfour/jknappen/e
c/ecss1000.600pk> </home/jcallem94/.texlive2021/texmf-var/fonts/pk/ljfour/jknap
pen/ec/ecss1440.600pk> </home/jcallem94/.texlive2021/texmf-var/fonts/pk/ljfour/
jknappen/ec/ecss0500.600pk> </home/jcallem94/.texlive2021/texmf-var/fonts/pk/lj
four/jknappen/ec/ectt1000.600pk> </home/jcallem94/.texlive2021/texmf-var/fonts/
pk/ljfour/jknappen/ec/ecrm1000.600pk> </home/jcallem94/.texlive2021/texmf-var/f
onts/pk/ljfour/jknappen/ec/ecbx1200.600pk> </home/jcallem94/.texlive2021/texmf-
var/fonts/pk/ljfour/jknappen/ec/ecbx1440.600pk> </home/jcallem94/.texlive2021/t
exmf-var/fonts/pk/ljfour/jknappen/ec/ecrm0800.600pk></usr/share/texlive/texmf-d
ist/fonts/type1/public/amsfonts/symbols/msam10.pfb>
Output written on Taller2.pdf (77 pages, 2376964 bytes).
PDF statistics:
 1002 PDF objects out of 1200 (max. 8388607)
 586 compressed objects within 6 object streams
 160 named destinations out of 1000 (max. 500000)
 178 words of extra memory for PDF output out of 10000 (max. 10000000)

