This is pdfTeX, Version 3.141592653-2.6-1.40.22 (TeX Live 2022/dev/Debian) (preloaded format=pdflatex 2022.6.2)  8 JUN 2022 12:59
entering extended mode
 restricted \write18 enabled.
 %&-line parsing enabled.
**Clase3.tex
(./Clase3.tex
LaTeX2e <2021-11-15> patch level 1
L3 programming layer <2022-01-21>
(/usr/share/texlive/texmf-dist/tex/latex/beamer/beamer.cls
Document Class: beamer 2022/01/21 v3.65 A class for typesetting presentations
(/usr/share/texlive/texmf-dist/tex/latex/beamer/beamerbasemodes.sty
(/usr/share/texlive/texmf-dist/tex/latex/etoolbox/etoolbox.sty
Package: etoolbox 2020/10/05 v2.5k e-TeX tools for LaTeX (JAW)
\etb@tempcnta=\count185
)
\beamer@tempbox=\box50
\beamer@tempcount=\count186
\c@beamerpauses=\count187

(/usr/share/texlive/texmf-dist/tex/latex/beamer/beamerbasedecode.sty
\beamer@slideinframe=\count188
\beamer@minimum=\count189
\beamer@decode@box=\box51
)
\beamer@commentbox=\box52
\beamer@modecount=\count190
)
(/usr/share/texlive/texmf-dist/tex/generic/iftex/ifpdf.sty
Package: ifpdf 2019/10/25 v3.4 ifpdf legacy package. Use iftex instead.

(/usr/share/texlive/texmf-dist/tex/generic/iftex/iftex.sty
Package: iftex 2020/03/06 v1.0d TeX engine tests
))
\headdp=\dimen138
\footheight=\dimen139
\sidebarheight=\dimen140
\beamer@tempdim=\dimen141
\beamer@finalheight=\dimen142
\beamer@animht=\dimen143
\beamer@animdp=\dimen144
\beamer@animwd=\dimen145
\beamer@leftmargin=\dimen146
\beamer@rightmargin=\dimen147
\beamer@leftsidebar=\dimen148
\beamer@rightsidebar=\dimen149
\beamer@boxsize=\dimen150
\beamer@vboxoffset=\dimen151
\beamer@descdefault=\dimen152
\beamer@descriptionwidth=\dimen153
\beamer@lastskip=\skip47
\beamer@areabox=\box53
\beamer@animcurrent=\box54
\beamer@animshowbox=\box55
\beamer@sectionbox=\box56
\beamer@logobox=\box57
\beamer@linebox=\box58
\beamer@sectioncount=\count191
\beamer@subsubsectionmax=\count192
\beamer@subsectionmax=\count193
\beamer@sectionmax=\count194
\beamer@totalheads=\count195
\beamer@headcounter=\count196
\beamer@partstartpage=\count197
\beamer@sectionstartpage=\count198
\beamer@subsectionstartpage=\count199
\beamer@animationtempa=\count266
\beamer@animationtempb=\count267
\beamer@xpos=\count268
\beamer@ypos=\count269
\beamer@ypos@offset=\count270
\beamer@showpartnumber=\count271
\beamer@currentsubsection=\count272
\beamer@coveringdepth=\count273
\beamer@sectionadjust=\count274
\beamer@toclastsection=\count275
\beamer@tocsectionnumber=\count276

(/usr/share/texlive/texmf-dist/tex/latex/beamer/beamerbaseoptions.sty
(/usr/share/texlive/texmf-dist/tex/latex/graphics/keyval.sty
Package: keyval 2014/10/28 v1.15 key=value parser (DPC)
\KV@toks@=\toks16
))
\beamer@paperwidth=\skip48
\beamer@paperheight=\skip49

(/usr/share/texlive/texmf-dist/tex/latex/geometry/geometry.sty
Package: geometry 2020/01/02 v5.9 Page Geometry

(/usr/share/texlive/texmf-dist/tex/generic/iftex/ifvtex.sty
Package: ifvtex 2019/10/25 v1.7 ifvtex legacy package. Use iftex instead.
)
\Gm@cnth=\count277
\Gm@cntv=\count278
\c@Gm@tempcnt=\count279
\Gm@bindingoffset=\dimen154
\Gm@wd@mp=\dimen155
\Gm@odd@mp=\dimen156
\Gm@even@mp=\dimen157
\Gm@layoutwidth=\dimen158
\Gm@layoutheight=\dimen159
\Gm@layouthoffset=\dimen160
\Gm@layoutvoffset=\dimen161
\Gm@dimlist=\toks17
)
(/usr/share/texlive/texmf-dist/tex/latex/pgf/basiclayer/pgfcore.sty
(/usr/share/texlive/texmf-dist/tex/latex/graphics/graphicx.sty
Package: graphicx 2021/09/16 v1.2d Enhanced LaTeX Graphics (DPC,SPQR)

(/usr/share/texlive/texmf-dist/tex/latex/graphics/graphics.sty
Package: graphics 2021/03/04 v1.4d Standard LaTeX Graphics (DPC,SPQR)

(/usr/share/texlive/texmf-dist/tex/latex/graphics/trig.sty
Package: trig 2021/08/11 v1.11 sin cos tan (DPC)
)
(/usr/share/texlive/texmf-dist/tex/latex/graphics-cfg/graphics.cfg
File: graphics.cfg 2016/06/04 v1.11 sample graphics configuration
)
Package graphics Info: Driver file: pdftex.def on input line 107.

(/usr/share/texlive/texmf-dist/tex/latex/graphics-def/pdftex.def
File: pdftex.def 2020/10/05 v1.2a Graphics/color driver for pdftex
))
\Gin@req@height=\dimen162
\Gin@req@width=\dimen163
)
(/usr/share/texlive/texmf-dist/tex/latex/pgf/systemlayer/pgfsys.sty
(/usr/share/texlive/texmf-dist/tex/latex/pgf/utilities/pgfrcs.sty
(/usr/share/texlive/texmf-dist/tex/generic/pgf/utilities/pgfutil-common.tex
\pgfutil@everybye=\toks18
\pgfutil@tempdima=\dimen164
\pgfutil@tempdimb=\dimen165

(/usr/share/texlive/texmf-dist/tex/generic/pgf/utilities/pgfutil-common-lists.t
ex)) (/usr/share/texlive/texmf-dist/tex/generic/pgf/utilities/pgfutil-latex.def
\pgfutil@abb=\box59
) (/usr/share/texlive/texmf-dist/tex/generic/pgf/utilities/pgfrcs.code.tex
(/usr/share/texlive/texmf-dist/tex/generic/pgf/pgf.revision.tex)
Package: pgfrcs 2021/05/15 v3.1.9a (3.1.9a)
))
(/usr/share/texlive/texmf-dist/tex/generic/pgf/systemlayer/pgfsys.code.tex
Package: pgfsys 2021/05/15 v3.1.9a (3.1.9a)

(/usr/share/texlive/texmf-dist/tex/generic/pgf/utilities/pgfkeys.code.tex
\pgfkeys@pathtoks=\toks19
\pgfkeys@temptoks=\toks20

(/usr/share/texlive/texmf-dist/tex/generic/pgf/utilities/pgfkeysfiltered.code.t
ex
\pgfkeys@tmptoks=\toks21
))
\pgf@x=\dimen166
\pgf@y=\dimen167
\pgf@xa=\dimen168
\pgf@ya=\dimen169
\pgf@xb=\dimen170
\pgf@yb=\dimen171
\pgf@xc=\dimen172
\pgf@yc=\dimen173
\pgf@xd=\dimen174
\pgf@yd=\dimen175
\w@pgf@writea=\write3
\r@pgf@reada=\read2
\c@pgf@counta=\count280
\c@pgf@countb=\count281
\c@pgf@countc=\count282
\c@pgf@countd=\count283
\t@pgf@toka=\toks22
\t@pgf@tokb=\toks23
\t@pgf@tokc=\toks24
\pgf@sys@id@count=\count284
 (/usr/share/texlive/texmf-dist/tex/generic/pgf/systemlayer/pgf.cfg
File: pgf.cfg 2021/05/15 v3.1.9a (3.1.9a)
)
Driver file for pgf: pgfsys-pdftex.def

(/usr/share/texlive/texmf-dist/tex/generic/pgf/systemlayer/pgfsys-pdftex.def
File: pgfsys-pdftex.def 2021/05/15 v3.1.9a (3.1.9a)

(/usr/share/texlive/texmf-dist/tex/generic/pgf/systemlayer/pgfsys-common-pdf.de
f
File: pgfsys-common-pdf.def 2021/05/15 v3.1.9a (3.1.9a)
)))
(/usr/share/texlive/texmf-dist/tex/generic/pgf/systemlayer/pgfsyssoftpath.code.
tex
File: pgfsyssoftpath.code.tex 2021/05/15 v3.1.9a (3.1.9a)
\pgfsyssoftpath@smallbuffer@items=\count285
\pgfsyssoftpath@bigbuffer@items=\count286
)
(/usr/share/texlive/texmf-dist/tex/generic/pgf/systemlayer/pgfsysprotocol.code.
tex
File: pgfsysprotocol.code.tex 2021/05/15 v3.1.9a (3.1.9a)
)) (/usr/share/texlive/texmf-dist/tex/latex/xcolor/xcolor.sty
Package: xcolor 2021/10/31 v2.13 LaTeX color extensions (UK)

(/usr/share/texlive/texmf-dist/tex/latex/graphics-cfg/color.cfg
File: color.cfg 2016/01/02 v1.6 sample color configuration
)
Package xcolor Info: Driver file: pdftex.def on input line 227.
Package xcolor Info: Model `cmy' substituted by `cmy0' on input line 1352.
Package xcolor Info: Model `hsb' substituted by `rgb' on input line 1356.
Package xcolor Info: Model `RGB' extended on input line 1368.
Package xcolor Info: Model `HTML' substituted by `rgb' on input line 1370.
Package xcolor Info: Model `Hsb' substituted by `hsb' on input line 1371.
Package xcolor Info: Model `tHsb' substituted by `hsb' on input line 1372.
Package xcolor Info: Model `HSB' substituted by `hsb' on input line 1373.
Package xcolor Info: Model `Gray' substituted by `gray' on input line 1374.
Package xcolor Info: Model `wave' substituted by `hsb' on input line 1375.
)
(/usr/share/texlive/texmf-dist/tex/generic/pgf/basiclayer/pgfcore.code.tex
Package: pgfcore 2021/05/15 v3.1.9a (3.1.9a)

(/usr/share/texlive/texmf-dist/tex/generic/pgf/math/pgfmath.code.tex
(/usr/share/texlive/texmf-dist/tex/generic/pgf/math/pgfmathcalc.code.tex
(/usr/share/texlive/texmf-dist/tex/generic/pgf/math/pgfmathutil.code.tex)
(/usr/share/texlive/texmf-dist/tex/generic/pgf/math/pgfmathparser.code.tex
\pgfmath@dimen=\dimen176
\pgfmath@count=\count287
\pgfmath@box=\box60
\pgfmath@toks=\toks25
\pgfmath@stack@operand=\toks26
\pgfmath@stack@operation=\toks27
)
(/usr/share/texlive/texmf-dist/tex/generic/pgf/math/pgfmathfunctions.code.tex
(/usr/share/texlive/texmf-dist/tex/generic/pgf/math/pgfmathfunctions.basic.code
.tex)
(/usr/share/texlive/texmf-dist/tex/generic/pgf/math/pgfmathfunctions.trigonomet
ric.code.tex)
(/usr/share/texlive/texmf-dist/tex/generic/pgf/math/pgfmathfunctions.random.cod
e.tex)
(/usr/share/texlive/texmf-dist/tex/generic/pgf/math/pgfmathfunctions.comparison
.code.tex)
(/usr/share/texlive/texmf-dist/tex/generic/pgf/math/pgfmathfunctions.base.code.
tex)
(/usr/share/texlive/texmf-dist/tex/generic/pgf/math/pgfmathfunctions.round.code
.tex)
(/usr/share/texlive/texmf-dist/tex/generic/pgf/math/pgfmathfunctions.misc.code.
tex)
(/usr/share/texlive/texmf-dist/tex/generic/pgf/math/pgfmathfunctions.integerari
thmetics.code.tex)))
(/usr/share/texlive/texmf-dist/tex/generic/pgf/math/pgfmathfloat.code.tex
\c@pgfmathroundto@lastzeros=\count288
))
(/usr/share/texlive/texmf-dist/tex/generic/pgf/math/pgfint.code.tex)
(/usr/share/texlive/texmf-dist/tex/generic/pgf/basiclayer/pgfcorepoints.code.te
x
File: pgfcorepoints.code.tex 2021/05/15 v3.1.9a (3.1.9a)
\pgf@picminx=\dimen177
\pgf@picmaxx=\dimen178
\pgf@picminy=\dimen179
\pgf@picmaxy=\dimen180
\pgf@pathminx=\dimen181
\pgf@pathmaxx=\dimen182
\pgf@pathminy=\dimen183
\pgf@pathmaxy=\dimen184
\pgf@xx=\dimen185
\pgf@xy=\dimen186
\pgf@yx=\dimen187
\pgf@yy=\dimen188
\pgf@zx=\dimen189
\pgf@zy=\dimen190
)
(/usr/share/texlive/texmf-dist/tex/generic/pgf/basiclayer/pgfcorepathconstruct.
code.tex
File: pgfcorepathconstruct.code.tex 2021/05/15 v3.1.9a (3.1.9a)
\pgf@path@lastx=\dimen191
\pgf@path@lasty=\dimen192
)
(/usr/share/texlive/texmf-dist/tex/generic/pgf/basiclayer/pgfcorepathusage.code
.tex
File: pgfcorepathusage.code.tex 2021/05/15 v3.1.9a (3.1.9a)
\pgf@shorten@end@additional=\dimen193
\pgf@shorten@start@additional=\dimen194
)
(/usr/share/texlive/texmf-dist/tex/generic/pgf/basiclayer/pgfcorescopes.code.te
x
File: pgfcorescopes.code.tex 2021/05/15 v3.1.9a (3.1.9a)
\pgfpic=\box61
\pgf@hbox=\box62
\pgf@layerbox@main=\box63
\pgf@picture@serial@count=\count289
)
(/usr/share/texlive/texmf-dist/tex/generic/pgf/basiclayer/pgfcoregraphicstate.c
ode.tex
File: pgfcoregraphicstate.code.tex 2021/05/15 v3.1.9a (3.1.9a)
\pgflinewidth=\dimen195
)
(/usr/share/texlive/texmf-dist/tex/generic/pgf/basiclayer/pgfcoretransformation
s.code.tex
File: pgfcoretransformations.code.tex 2021/05/15 v3.1.9a (3.1.9a)
\pgf@pt@x=\dimen196
\pgf@pt@y=\dimen197
\pgf@pt@temp=\dimen198
)
(/usr/share/texlive/texmf-dist/tex/generic/pgf/basiclayer/pgfcorequick.code.tex
File: pgfcorequick.code.tex 2021/05/15 v3.1.9a (3.1.9a)
)
(/usr/share/texlive/texmf-dist/tex/generic/pgf/basiclayer/pgfcoreobjects.code.t
ex
File: pgfcoreobjects.code.tex 2021/05/15 v3.1.9a (3.1.9a)
)
(/usr/share/texlive/texmf-dist/tex/generic/pgf/basiclayer/pgfcorepathprocessing
.code.tex
File: pgfcorepathprocessing.code.tex 2021/05/15 v3.1.9a (3.1.9a)
)
(/usr/share/texlive/texmf-dist/tex/generic/pgf/basiclayer/pgfcorearrows.code.te
x
File: pgfcorearrows.code.tex 2021/05/15 v3.1.9a (3.1.9a)
\pgfarrowsep=\dimen199
)
(/usr/share/texlive/texmf-dist/tex/generic/pgf/basiclayer/pgfcoreshade.code.tex
File: pgfcoreshade.code.tex 2021/05/15 v3.1.9a (3.1.9a)
\pgf@max=\dimen256
\pgf@sys@shading@range@num=\count290
\pgf@shadingcount=\count291
)
(/usr/share/texlive/texmf-dist/tex/generic/pgf/basiclayer/pgfcoreimage.code.tex
File: pgfcoreimage.code.tex 2021/05/15 v3.1.9a (3.1.9a)

(/usr/share/texlive/texmf-dist/tex/generic/pgf/basiclayer/pgfcoreexternal.code.
tex
File: pgfcoreexternal.code.tex 2021/05/15 v3.1.9a (3.1.9a)
\pgfexternal@startupbox=\box64
))
(/usr/share/texlive/texmf-dist/tex/generic/pgf/basiclayer/pgfcorelayers.code.te
x
File: pgfcorelayers.code.tex 2021/05/15 v3.1.9a (3.1.9a)
)
(/usr/share/texlive/texmf-dist/tex/generic/pgf/basiclayer/pgfcoretransparency.c
ode.tex
File: pgfcoretransparency.code.tex 2021/05/15 v3.1.9a (3.1.9a)
)
(/usr/share/texlive/texmf-dist/tex/generic/pgf/basiclayer/pgfcorepatterns.code.
tex
File: pgfcorepatterns.code.tex 2021/05/15 v3.1.9a (3.1.9a)
)
(/usr/share/texlive/texmf-dist/tex/generic/pgf/basiclayer/pgfcorerdf.code.tex
File: pgfcorerdf.code.tex 2021/05/15 v3.1.9a (3.1.9a)
))) (/usr/share/texlive/texmf-dist/tex/latex/base/size10.clo
File: size10.clo 2021/10/04 v1.4n Standard LaTeX file (size option)
)
(/usr/share/texlive/texmf-dist/tex/latex/pgf/utilities/xxcolor.sty
Package: xxcolor 2003/10/24 ver 0.1
\XC@nummixins=\count292
\XC@countmixins=\count293
)
(/usr/share/texlive/texmf-dist/tex/latex/base/atbegshi-ltx.sty
Package: atbegshi-ltx 2021/01/10 v1.0c Emulation of the original atbegshi
package with kernel methods
)
(/usr/share/texlive/texmf-dist/tex/latex/hyperref/hyperref.sty
Package: hyperref 2021-06-07 v7.00m Hypertext links for LaTeX

(/usr/share/texlive/texmf-dist/tex/generic/ltxcmds/ltxcmds.sty
Package: ltxcmds 2020-05-10 v1.25 LaTeX kernel commands for general use (HO)
)
(/usr/share/texlive/texmf-dist/tex/generic/pdftexcmds/pdftexcmds.sty
Package: pdftexcmds 2020-06-27 v0.33 Utility functions of pdfTeX for LuaTeX (HO
)

(/usr/share/texlive/texmf-dist/tex/generic/infwarerr/infwarerr.sty
Package: infwarerr 2019/12/03 v1.5 Providing info/warning/error messages (HO)
)
Package pdftexcmds Info: \pdf@primitive is available.
Package pdftexcmds Info: \pdf@ifprimitive is available.
Package pdftexcmds Info: \pdfdraftmode found.
)
(/usr/share/texlive/texmf-dist/tex/generic/kvsetkeys/kvsetkeys.sty
Package: kvsetkeys 2019/12/15 v1.18 Key value parser (HO)
)
(/usr/share/texlive/texmf-dist/tex/generic/kvdefinekeys/kvdefinekeys.sty
Package: kvdefinekeys 2019-12-19 v1.6 Define keys (HO)
)
(/usr/share/texlive/texmf-dist/tex/generic/pdfescape/pdfescape.sty
Package: pdfescape 2019/12/09 v1.15 Implements pdfTeX's escape features (HO)
)
(/usr/share/texlive/texmf-dist/tex/latex/hycolor/hycolor.sty
Package: hycolor 2020-01-27 v1.10 Color options for hyperref/bookmark (HO)
)
(/usr/share/texlive/texmf-dist/tex/latex/letltxmacro/letltxmacro.sty
Package: letltxmacro 2019/12/03 v1.6 Let assignment for LaTeX macros (HO)
)
(/usr/share/texlive/texmf-dist/tex/latex/auxhook/auxhook.sty
Package: auxhook 2019-12-17 v1.6 Hooks for auxiliary files (HO)
)
(/usr/share/texlive/texmf-dist/tex/latex/kvoptions/kvoptions.sty
Package: kvoptions 2020-10-07 v3.14 Key value format for package options (HO)
)
\@linkdim=\dimen257
\Hy@linkcounter=\count294
\Hy@pagecounter=\count295

(/usr/share/texlive/texmf-dist/tex/latex/hyperref/pd1enc.def
File: pd1enc.def 2021-06-07 v7.00m Hyperref: PDFDocEncoding definition (HO)
Now handling font encoding PD1 ...
... no UTF-8 mapping file for font encoding PD1
)
(/usr/share/texlive/texmf-dist/tex/latex/hyperref/hyperref-langpatches.def
File: hyperref-langpatches.def 2021-06-07 v7.00m Hyperref: patches for babel la
nguages
)
(/usr/share/texlive/texmf-dist/tex/generic/intcalc/intcalc.sty
Package: intcalc 2019/12/15 v1.3 Expandable calculations with integers (HO)
)
(/usr/share/texlive/texmf-dist/tex/generic/etexcmds/etexcmds.sty
Package: etexcmds 2019/12/15 v1.7 Avoid name clashes with e-TeX commands (HO)
)
\Hy@SavedSpaceFactor=\count296

(/usr/share/texlive/texmf-dist/tex/latex/hyperref/puenc.def
File: puenc.def 2021-06-07 v7.00m Hyperref: PDF Unicode definition (HO)
Now handling font encoding PU ...
... no UTF-8 mapping file for font encoding PU
)
Package hyperref Info: Option `bookmarks' set `true' on input line 4073.
Package hyperref Info: Option `bookmarksopen' set `true' on input line 4073.
Package hyperref Info: Option `implicit' set `false' on input line 4073.
Package hyperref Info: Hyper figures OFF on input line 4192.
Package hyperref Info: Link nesting OFF on input line 4197.
Package hyperref Info: Hyper index ON on input line 4200.
Package hyperref Info: Plain pages OFF on input line 4207.
Package hyperref Info: Backreferencing OFF on input line 4212.
Package hyperref Info: Implicit mode OFF; no redefinition of LaTeX internals.
Package hyperref Info: Bookmarks ON on input line 4445.
\c@Hy@tempcnt=\count297

(/usr/share/texlive/texmf-dist/tex/latex/url/url.sty
\Urlmuskip=\muskip16
Package: url 2013/09/16  ver 3.4  Verb mode for urls, etc.
)
LaTeX Info: Redefining \url on input line 4804.
\XeTeXLinkMargin=\dimen258

(/usr/share/texlive/texmf-dist/tex/generic/bitset/bitset.sty
Package: bitset 2019/12/09 v1.3 Handle bit-vector datatype (HO)

(/usr/share/texlive/texmf-dist/tex/generic/bigintcalc/bigintcalc.sty
Package: bigintcalc 2019/12/15 v1.5 Expandable calculations on big integers (HO
)
))
\Fld@menulength=\count298
\Field@Width=\dimen259
\Fld@charsize=\dimen260
Package hyperref Info: Hyper figures OFF on input line 6076.
Package hyperref Info: Link nesting OFF on input line 6081.
Package hyperref Info: Hyper index ON on input line 6084.
Package hyperref Info: backreferencing OFF on input line 6091.
Package hyperref Info: Link coloring OFF on input line 6096.
Package hyperref Info: Link coloring with OCG OFF on input line 6101.
Package hyperref Info: PDF/A mode OFF on input line 6106.
LaTeX Info: Redefining \ref on input line 6146.
LaTeX Info: Redefining \pageref on input line 6150.
\Hy@abspage=\count299


Package hyperref Message: Stopped early.

)
Package hyperref Info: Driver (autodetected): hpdftex.
 (/usr/share/texlive/texmf-dist/tex/latex/hyperref/hpdftex.def
File: hpdftex.def 2021-06-07 v7.00m Hyperref driver for pdfTeX

(/usr/share/texlive/texmf-dist/tex/latex/base/atveryend-ltx.sty
Package: atveryend-ltx 2020/08/19 v1.0a Emulation of the original atveryend pac
kage
with kernel methods
)
\Fld@listcount=\count300
\c@bookmark@seq@number=\count301

(/usr/share/texlive/texmf-dist/tex/latex/rerunfilecheck/rerunfilecheck.sty
Package: rerunfilecheck 2019/12/05 v1.9 Rerun checks for auxiliary files (HO)

(/usr/share/texlive/texmf-dist/tex/generic/uniquecounter/uniquecounter.sty
Package: uniquecounter 2019/12/15 v1.4 Provide unlimited unique counter (HO)
)
Package uniquecounter Info: New unique counter `rerunfilecheck' on input line 2
86.
))
(/usr/share/texlive/texmf-dist/tex/latex/beamer/beamerbaserequires.sty
(/usr/share/texlive/texmf-dist/tex/latex/beamer/beamerbasecompatibility.sty)
(/usr/share/texlive/texmf-dist/tex/latex/beamer/beamerbasefont.sty
(/usr/share/texlive/texmf-dist/tex/latex/amsfonts/amssymb.sty
Package: amssymb 2013/01/14 v3.01 AMS font symbols

(/usr/share/texlive/texmf-dist/tex/latex/amsfonts/amsfonts.sty
Package: amsfonts 2013/01/14 v3.01 Basic AMSFonts support
\@emptytoks=\toks28
\symAMSa=\mathgroup4
\symAMSb=\mathgroup5
LaTeX Font Info:    Redeclaring math symbol \hbar on input line 98.
LaTeX Font Info:    Overwriting math alphabet `\mathfrak' in version `bold'
(Font)                  U/euf/m/n --> U/euf/b/n on input line 106.
)))
(/usr/share/texlive/texmf-dist/tex/latex/beamer/beamerbasetranslator.sty
(/usr/share/texlive/texmf-dist/tex/latex/translator/translator.sty
Package: translator 2021-05-31 v1.12d Easy translation of strings in LaTeX
))
(/usr/share/texlive/texmf-dist/tex/latex/beamer/beamerbasemisc.sty)
(/usr/share/texlive/texmf-dist/tex/latex/beamer/beamerbasetwoscreens.sty)
(/usr/share/texlive/texmf-dist/tex/latex/beamer/beamerbaseoverlay.sty
\beamer@argscount=\count302
\beamer@lastskipcover=\skip50
\beamer@trivlistdepth=\count303
)
(/usr/share/texlive/texmf-dist/tex/latex/beamer/beamerbasetitle.sty)
(/usr/share/texlive/texmf-dist/tex/latex/beamer/beamerbasesection.sty
\c@lecture=\count304
\c@part=\count305
\c@section=\count306
\c@subsection=\count307
\c@subsubsection=\count308
)
(/usr/share/texlive/texmf-dist/tex/latex/beamer/beamerbaseframe.sty
\beamer@framebox=\box65
\beamer@frametitlebox=\box66
\beamer@zoombox=\box67
\beamer@zoomcount=\count309
\beamer@zoomframecount=\count310
\beamer@frametextheight=\dimen261
\c@subsectionslide=\count311
\beamer@frametopskip=\skip51
\beamer@framebottomskip=\skip52
\beamer@frametopskipautobreak=\skip53
\beamer@framebottomskipautobreak=\skip54
\beamer@envbody=\toks29
\framewidth=\dimen262
\c@framenumber=\count312
)
(/usr/share/texlive/texmf-dist/tex/latex/beamer/beamerbaseverbatim.sty
\beamer@verbatimfileout=\write4
)
(/usr/share/texlive/texmf-dist/tex/latex/beamer/beamerbaseframesize.sty
\beamer@splitbox=\box68
\beamer@autobreakcount=\count313
\beamer@autobreaklastheight=\dimen263
\beamer@frametitletoks=\toks30
\beamer@framesubtitletoks=\toks31
)
(/usr/share/texlive/texmf-dist/tex/latex/beamer/beamerbaseframecomponents.sty
\beamer@footins=\box69
)
(/usr/share/texlive/texmf-dist/tex/latex/beamer/beamerbasecolor.sty)
(/usr/share/texlive/texmf-dist/tex/latex/beamer/beamerbasenotes.sty
\beamer@frameboxcopy=\box70
)
(/usr/share/texlive/texmf-dist/tex/latex/beamer/beamerbasetoc.sty)
(/usr/share/texlive/texmf-dist/tex/latex/beamer/beamerbasetemplates.sty
\beamer@sbttoks=\toks32

(/usr/share/texlive/texmf-dist/tex/latex/beamer/beamerbaseauxtemplates.sty
(/usr/share/texlive/texmf-dist/tex/latex/beamer/beamerbaseboxes.sty
\bmb@box=\box71
\bmb@colorbox=\box72
\bmb@boxwidth=\dimen264
\bmb@boxheight=\dimen265
\bmb@prevheight=\dimen266
\bmb@temp=\dimen267
\bmb@dima=\dimen268
\bmb@dimb=\dimen269
\bmb@prevheight=\dimen270
)
\beamer@blockheadheight=\dimen271
))
(/usr/share/texlive/texmf-dist/tex/latex/beamer/beamerbaselocalstructure.sty
(/usr/share/texlive/texmf-dist/tex/latex/tools/enumerate.sty
Package: enumerate 2015/07/23 v3.00 enumerate extensions (DPC)
\@enLab=\toks33
)
\beamer@bibiconwidth=\skip55
\c@figure=\count314
\c@table=\count315
\abovecaptionskip=\skip56
\belowcaptionskip=\skip57
)
(/usr/share/texlive/texmf-dist/tex/latex/beamer/beamerbasenavigation.sty
\beamer@section@min@dim=\dimen272
)
(/usr/share/texlive/texmf-dist/tex/latex/beamer/beamerbasetheorems.sty
(/usr/share/texlive/texmf-dist/tex/latex/amsmath/amsmath.sty
Package: amsmath 2021/10/15 v2.17l AMS math features
\@mathmargin=\skip58

For additional information on amsmath, use the `?' option.
(/usr/share/texlive/texmf-dist/tex/latex/amsmath/amstext.sty
Package: amstext 2021/08/26 v2.01 AMS text

(/usr/share/texlive/texmf-dist/tex/latex/amsmath/amsgen.sty
File: amsgen.sty 1999/11/30 v2.0 generic functions
\@emptytoks=\toks34
\ex@=\dimen273
))
(/usr/share/texlive/texmf-dist/tex/latex/amsmath/amsbsy.sty
Package: amsbsy 1999/11/29 v1.2d Bold Symbols
\pmbraise@=\dimen274
)
(/usr/share/texlive/texmf-dist/tex/latex/amsmath/amsopn.sty
Package: amsopn 2021/08/26 v2.02 operator names
)
\inf@bad=\count316
LaTeX Info: Redefining \frac on input line 234.
\uproot@=\count317
\leftroot@=\count318
LaTeX Info: Redefining \overline on input line 399.
\classnum@=\count319
\DOTSCASE@=\count320
LaTeX Info: Redefining \ldots on input line 496.
LaTeX Info: Redefining \dots on input line 499.
LaTeX Info: Redefining \cdots on input line 620.
\Mathstrutbox@=\box73
\strutbox@=\box74
\big@size=\dimen275
LaTeX Font Info:    Redeclaring font encoding OML on input line 743.
LaTeX Font Info:    Redeclaring font encoding OMS on input line 744.
\macc@depth=\count321
\c@MaxMatrixCols=\count322
\dotsspace@=\muskip17
\c@parentequation=\count323
\dspbrk@lvl=\count324
\tag@help=\toks35
\row@=\count325
\column@=\count326
\maxfields@=\count327
\andhelp@=\toks36
\eqnshift@=\dimen276
\alignsep@=\dimen277
\tagshift@=\dimen278
\tagwidth@=\dimen279
\totwidth@=\dimen280
\lineht@=\dimen281
\@envbody=\toks37
\multlinegap=\skip59
\multlinetaggap=\skip60
\mathdisplay@stack=\toks38
LaTeX Info: Redefining \[ on input line 2938.
LaTeX Info: Redefining \] on input line 2939.
)
(/usr/share/texlive/texmf-dist/tex/latex/amscls/amsthm.sty
Package: amsthm 2020/05/29 v2.20.6
\thm@style=\toks39
\thm@bodyfont=\toks40
\thm@headfont=\toks41
\thm@notefont=\toks42
\thm@headpunct=\toks43
\thm@preskip=\skip61
\thm@postskip=\skip62
\thm@headsep=\skip63
\dth@everypar=\toks44
)
\c@theorem=\count328
)
(/usr/share/texlive/texmf-dist/tex/latex/beamer/beamerbasethemes.sty))
(/usr/share/texlive/texmf-dist/tex/latex/beamer/beamerthemedefault.sty
(/usr/share/texlive/texmf-dist/tex/latex/beamer/beamerfontthemedefault.sty)
(/usr/share/texlive/texmf-dist/tex/latex/beamer/beamercolorthemedefault.sty)
(/usr/share/texlive/texmf-dist/tex/latex/beamer/beamerinnerthemedefault.sty
\beamer@dima=\dimen282
\beamer@dimb=\dimen283
)
(/usr/share/texlive/texmf-dist/tex/latex/beamer/beamerouterthemedefault.sty)))
(./beamerthemeFeather.sty
Package: beamerthemeFeather 2017/08/22 v1.1.0 The Feather Beamer Theme

(/usr/share/texlive/texmf-dist/tex/latex/pgf/frontendlayer/tikz.sty
(/usr/share/texlive/texmf-dist/tex/latex/pgf/basiclayer/pgf.sty
Package: pgf 2021/05/15 v3.1.9a (3.1.9a)

(/usr/share/texlive/texmf-dist/tex/generic/pgf/modules/pgfmoduleshapes.code.tex
File: pgfmoduleshapes.code.tex 2021/05/15 v3.1.9a (3.1.9a)
\pgfnodeparttextbox=\box75
) (/usr/share/texlive/texmf-dist/tex/generic/pgf/modules/pgfmoduleplot.code.tex
File: pgfmoduleplot.code.tex 2021/05/15 v3.1.9a (3.1.9a)
)
(/usr/share/texlive/texmf-dist/tex/latex/pgf/compatibility/pgfcomp-version-0-65
.sty
Package: pgfcomp-version-0-65 2021/05/15 v3.1.9a (3.1.9a)
\pgf@nodesepstart=\dimen284
\pgf@nodesepend=\dimen285
)
(/usr/share/texlive/texmf-dist/tex/latex/pgf/compatibility/pgfcomp-version-1-18
.sty
Package: pgfcomp-version-1-18 2021/05/15 v3.1.9a (3.1.9a)
)) (/usr/share/texlive/texmf-dist/tex/latex/pgf/utilities/pgffor.sty
(/usr/share/texlive/texmf-dist/tex/latex/pgf/utilities/pgfkeys.sty
(/usr/share/texlive/texmf-dist/tex/generic/pgf/utilities/pgfkeys.code.tex))
(/usr/share/texlive/texmf-dist/tex/latex/pgf/math/pgfmath.sty
(/usr/share/texlive/texmf-dist/tex/generic/pgf/math/pgfmath.code.tex))
(/usr/share/texlive/texmf-dist/tex/generic/pgf/utilities/pgffor.code.tex
Package: pgffor 2021/05/15 v3.1.9a (3.1.9a)

(/usr/share/texlive/texmf-dist/tex/generic/pgf/math/pgfmath.code.tex)
\pgffor@iter=\dimen286
\pgffor@skip=\dimen287
\pgffor@stack=\toks45
\pgffor@toks=\toks46
))
(/usr/share/texlive/texmf-dist/tex/generic/pgf/frontendlayer/tikz/tikz.code.tex
Package: tikz 2021/05/15 v3.1.9a (3.1.9a)

(/usr/share/texlive/texmf-dist/tex/generic/pgf/libraries/pgflibraryplothandlers
.code.tex
File: pgflibraryplothandlers.code.tex 2021/05/15 v3.1.9a (3.1.9a)
\pgf@plot@mark@count=\count329
\pgfplotmarksize=\dimen288
)
\tikz@lastx=\dimen289
\tikz@lasty=\dimen290
\tikz@lastxsaved=\dimen291
\tikz@lastysaved=\dimen292
\tikz@lastmovetox=\dimen293
\tikz@lastmovetoy=\dimen294
\tikzleveldistance=\dimen295
\tikzsiblingdistance=\dimen296
\tikz@figbox=\box76
\tikz@figbox@bg=\box77
\tikz@tempbox=\box78
\tikz@tempbox@bg=\box79
\tikztreelevel=\count330
\tikznumberofchildren=\count331
\tikznumberofcurrentchild=\count332
\tikz@fig@count=\count333

(/usr/share/texlive/texmf-dist/tex/generic/pgf/modules/pgfmodulematrix.code.tex
File: pgfmodulematrix.code.tex 2021/05/15 v3.1.9a (3.1.9a)
\pgfmatrixcurrentrow=\count334
\pgfmatrixcurrentcolumn=\count335
\pgf@matrix@numberofcolumns=\count336
)
\tikz@expandcount=\count337

(/usr/share/texlive/texmf-dist/tex/generic/pgf/frontendlayer/tikz/libraries/tik
zlibrarytopaths.code.tex
File: tikzlibrarytopaths.code.tex 2021/05/15 v3.1.9a (3.1.9a)
)))
(/usr/share/texlive/texmf-dist/tex/latex/tools/calc.sty
Package: calc 2017/05/25 v4.3 Infix arithmetic (KKT,FJ)
\calc@Acount=\count338
\calc@Bcount=\count339
\calc@Adimen=\dimen297
\calc@Bdimen=\dimen298
\calc@Askip=\skip64
\calc@Bskip=\skip65
LaTeX Info: Redefining \setlength on input line 80.
LaTeX Info: Redefining \addtolength on input line 81.
\calc@Ccount=\count340
\calc@Cskip=\skip66
)
(./beamerinnerthemeFeather.sty
Package: beamerinnerthemeFeather 2017/08/22 v1.1.0 The Feather Beamer Theme
) (./beamerouterthemeFeather.sty
Package: beamerouterthemeFeather 2017/08/22 v1.1.0 The Feather Beamer Theme
\c@unnumberedframe=\count341
\beamer@height=\skip67
\beamer@logoradius=\skip68
\beamer@borderwidth=\skip69
\beamer@logoinnerradius=\skip70
\beamer@logoouterradius=\skip71
\beamer@counterradius=\skip72
)
(./beamercolorthemeFeather.sty
Package: beamercolorthemeFeather 2017/08/22 v1.1.0 The Feather Beamer Theme
))
(/usr/share/texlive/texmf-dist/tex/latex/base/inputenc.sty
Package: inputenc 2021/02/14 v1.3d Input encoding file
\inpenc@prehook=\toks47
\inpenc@posthook=\toks48
)
(/usr/share/texlive/texmf-dist/tex/generic/babel/babel.sty
Package: babel 2022/01/26 3.70 The Babel package
\babel@savecnt=\count342
\U@D=\dimen299
\l@unhyphenated=\language9

(/usr/share/texlive/texmf-dist/tex/generic/babel/txtbabel.def)
\bbl@readstream=\read3
LaTeX Info: Redefining \textlatin on input line 3967.
\bbl@dirlevel=\count343

(/usr/share/texlive/texmf-dist/tex/generic/babel-english/english.ldf
Language: english 2017/06/06 v3.3r English support from the babel system
Package babel Info: Hyphen rules for 'canadian' set to \l@english
(babel)             (\language0). Reported on input line 102.
Package babel Info: Hyphen rules for 'australian' set to \l@ukenglish
(babel)             (\language8). Reported on input line 105.
Package babel Info: Hyphen rules for 'newzealand' set to \l@ukenglish
(babel)             (\language8). Reported on input line 108.
))
(/usr/share/texlive/texmf-dist/tex/latex/base/fontenc.sty
Package: fontenc 2021/04/29 v2.0v Standard LaTeX package
)

Package hyperref Warning: Token not allowed in a PDF string (Unicode):
(hyperref)                removing `\\' on input line 85.


Package hyperref Warning: Token not allowed in a PDF string (Unicode):
(hyperref)                removing `\\' on input line 85.

(/usr/share/texlive/texmf-dist/tex/latex/l3backend/l3backend-pdftex.def
File: l3backend-pdftex.def 2022-01-12 L3 backend support: PDF output (pdfTeX)
\l__color_backend_stack_int=\count344
\l__pdf_internal_box=\box80
)
(./Clase3.aux)
\openout1 = `Clase3.aux'.

LaTeX Font Info:    Checking defaults for OML/cmm/m/it on input line 106.
LaTeX Font Info:    ... okay on input line 106.
LaTeX Font Info:    Checking defaults for OMS/cmsy/m/n on input line 106.
LaTeX Font Info:    ... okay on input line 106.
LaTeX Font Info:    Checking defaults for OT1/cmr/m/n on input line 106.
LaTeX Font Info:    ... okay on input line 106.
LaTeX Font Info:    Checking defaults for T1/cmr/m/n on input line 106.
LaTeX Font Info:    ... okay on input line 106.
LaTeX Font Info:    Checking defaults for TS1/cmr/m/n on input line 106.
LaTeX Font Info:    ... okay on input line 106.
LaTeX Font Info:    Checking defaults for OMX/cmex/m/n on input line 106.
LaTeX Font Info:    ... okay on input line 106.
LaTeX Font Info:    Checking defaults for U/cmr/m/n on input line 106.
LaTeX Font Info:    ... okay on input line 106.
LaTeX Font Info:    Checking defaults for PD1/pdf/m/n on input line 106.
LaTeX Font Info:    ... okay on input line 106.
LaTeX Font Info:    Checking defaults for PU/pdf/m/n on input line 106.
LaTeX Font Info:    ... okay on input line 106.

*geometry* driver: auto-detecting
*geometry* detected driver: pdftex
*geometry* verbose mode - [ preamble ] result:
* driver: pdftex
* paper: custom
* layout: <same size as paper>
* layoutoffset:(h,v)=(0.0pt,0.0pt)
* modes: includehead includefoot 
* h-part:(L,W,R)=(28.45274pt, 307.28987pt, 28.45274pt)
* v-part:(T,H,B)=(0.0pt, 273.14662pt, 0.0pt)
* \paperwidth=364.19536pt
* \paperheight=273.14662pt
* \textwidth=307.28987pt
* \textheight=244.6939pt
* \oddsidemargin=-43.81725pt
* \evensidemargin=-43.81725pt
* \topmargin=-72.26999pt
* \headheight=14.22636pt
* \headsep=0.0pt
* \topskip=10.0pt
* \footskip=14.22636pt
* \marginparwidth=3.0pt
* \marginparsep=11.0pt
* \columnsep=10.0pt
* \skip\footins=9.0pt plus 4.0pt minus 2.0pt
* \hoffset=0.0pt
* \voffset=0.0pt
* \mag=1000
* \@twocolumnfalse
* \@twosidefalse
* \@mparswitchfalse
* \@reversemarginfalse
* (1in=72.27pt=25.4mm, 1cm=28.453pt)

(/usr/share/texlive/texmf-dist/tex/context/base/mkii/supp-pdf.mkii
[Loading MPS to PDF converter (version 2006.09.02).]
\scratchcounter=\count345
\scratchdimen=\dimen300
\scratchbox=\box81
\nofMPsegments=\count346
\nofMParguments=\count347
\everyMPshowfont=\toks49
\MPscratchCnt=\count348
\MPscratchDim=\dimen301
\MPnumerator=\count349
\makeMPintoPDFobject=\count350
\everyMPtoPDFconversion=\toks50
) (/usr/share/texlive/texmf-dist/tex/latex/epstopdf-pkg/epstopdf-base.sty
Package: epstopdf-base 2020-01-24 v2.11 Base part for package epstopdf

(/usr/share/texlive/texmf-dist/tex/latex/grfext/grfext.sty
Package: grfext 2019/12/03 v1.3 Manage graphics extensions (HO)
)
Package epstopdf-base Info: Redefining graphics rule for `.eps' on input line 4
85.
Package grfext Info: Graphics extension search list:
(grfext)             [.pdf,.png,.jpg,.mps,.jpeg,.jbig2,.jb2,.PDF,.PNG,.JPG,.JPE
G,.JBIG2,.JB2,.eps]
(grfext)             \AppendGraphicsExtensions on input line 504.

(/usr/share/texlive/texmf-dist/tex/latex/latexconfig/epstopdf-sys.cfg
File: epstopdf-sys.cfg 2010/07/13 v1.3 Configuration of (r)epstopdf for TeX Liv
e
))
Package hyperref Info: Link coloring OFF on input line 106.

(/usr/share/texlive/texmf-dist/tex/latex/hyperref/nameref.sty
Package: nameref 2021-04-02 v2.47 Cross-referencing by name of section

(/usr/share/texlive/texmf-dist/tex/latex/refcount/refcount.sty
Package: refcount 2019/12/15 v3.6 Data extraction from label references (HO)
)
(/usr/share/texlive/texmf-dist/tex/generic/gettitlestring/gettitlestring.sty
Package: gettitlestring 2019/12/15 v1.6 Cleanup title references (HO)
)
\c@section@level=\count351
)
LaTeX Info: Redefining \ref on input line 106.
LaTeX Info: Redefining \pageref on input line 106.
LaTeX Info: Redefining \nameref on input line 106.

(./Clase3.out) (./Clase3.out)
\@outlinefile=\write5
\openout5 = `Clase3.out'.

LaTeX Font Info:    Overwriting symbol font `operators' in version `normal'
(Font)                  OT1/cmr/m/n --> OT1/cmss/m/n on input line 106.
LaTeX Font Info:    Overwriting symbol font `operators' in version `bold'
(Font)                  OT1/cmr/bx/n --> OT1/cmss/b/n on input line 106.
\symnumbers=\mathgroup6
\sympureletters=\mathgroup7
LaTeX Font Info:    Overwriting math alphabet `\mathrm' in version `normal'
(Font)                  OT1/cmss/m/n --> T1/cmr/m/n on input line 106.
LaTeX Font Info:    Redeclaring math alphabet \mathbf on input line 106.
LaTeX Font Info:    Overwriting math alphabet `\mathbf' in version `normal'
(Font)                  OT1/cmr/bx/n --> T1/cmss/b/n on input line 106.
LaTeX Font Info:    Overwriting math alphabet `\mathbf' in version `bold'
(Font)                  OT1/cmr/bx/n --> T1/cmss/b/n on input line 106.
LaTeX Font Info:    Redeclaring math alphabet \mathsf on input line 106.
LaTeX Font Info:    Overwriting math alphabet `\mathsf' in version `normal'
(Font)                  OT1/cmss/m/n --> T1/cmss/m/n on input line 106.
LaTeX Font Info:    Overwriting math alphabet `\mathsf' in version `bold'
(Font)                  OT1/cmss/bx/n --> T1/cmss/m/n on input line 106.
LaTeX Font Info:    Redeclaring math alphabet \mathit on input line 106.
LaTeX Font Info:    Overwriting math alphabet `\mathit' in version `normal'
(Font)                  OT1/cmr/m/it --> T1/cmss/m/it on input line 106.
LaTeX Font Info:    Overwriting math alphabet `\mathit' in version `bold'
(Font)                  OT1/cmr/bx/it --> T1/cmss/m/it on input line 106.
LaTeX Font Info:    Redeclaring math alphabet \mathtt on input line 106.
LaTeX Font Info:    Overwriting math alphabet `\mathtt' in version `normal'
(Font)                  OT1/cmtt/m/n --> T1/cmtt/m/n on input line 106.
LaTeX Font Info:    Overwriting math alphabet `\mathtt' in version `bold'
(Font)                  OT1/cmtt/m/n --> T1/cmtt/m/n on input line 106.
LaTeX Font Info:    Overwriting symbol font `numbers' in version `bold'
(Font)                  T1/cmss/m/n --> T1/cmss/b/n on input line 106.
LaTeX Font Info:    Overwriting symbol font `pureletters' in version `bold'
(Font)                  T1/cmss/m/it --> T1/cmss/b/it on input line 106.
LaTeX Font Info:    Overwriting math alphabet `\mathrm' in version `bold'
(Font)                  OT1/cmss/b/n --> T1/cmr/b/n on input line 106.
LaTeX Font Info:    Overwriting math alphabet `\mathbf' in version `bold'
(Font)                  T1/cmss/b/n --> T1/cmss/b/n on input line 106.
LaTeX Font Info:    Overwriting math alphabet `\mathsf' in version `bold'
(Font)                  T1/cmss/m/n --> T1/cmss/b/n on input line 106.
LaTeX Font Info:    Overwriting math alphabet `\mathit' in version `bold'
(Font)                  T1/cmss/m/it --> T1/cmss/b/it on input line 106.
LaTeX Font Info:    Overwriting math alphabet `\mathtt' in version `bold'
(Font)                  T1/cmtt/m/n --> T1/cmtt/b/n on input line 106.

(/usr/share/texlive/texmf-dist/tex/latex/translator/translator-basic-dictionary
-English.dict
Dictionary: translator-basic-dictionary, Language: English 
)
(/usr/share/texlive/texmf-dist/tex/latex/translator/translator-bibliography-dic
tionary-English.dict
Dictionary: translator-bibliography-dictionary, Language: English 
)
(/usr/share/texlive/texmf-dist/tex/latex/translator/translator-environment-dict
ionary-English.dict
Dictionary: translator-environment-dictionary, Language: English 
)
(/usr/share/texlive/texmf-dist/tex/latex/translator/translator-months-dictionar
y-English.dict
Dictionary: translator-months-dictionary, Language: English 
)
(/usr/share/texlive/texmf-dist/tex/latex/translator/translator-numbers-dictiona
ry-English.dict
Dictionary: translator-numbers-dictionary, Language: English 
)
(/usr/share/texlive/texmf-dist/tex/latex/translator/translator-theorem-dictiona
ry-English.dict
Dictionary: translator-theorem-dictionary, Language: English 
) (./Clase3.nav)
<Feathergraphics/2.png, id=39, 339.2675pt x 481.8pt>
File: Feathergraphics/2.png Graphic file (type png)
<use Feathergraphics/2.png>
Package pdftex.def Info: Feathergraphics/2.png  used on input line 106.
(pdftex.def)             Requested size: 27.78714pt x 39.45639pt.

Missing character: There is no ; in font nullfont!
<Feathergraphics/2-2.png, id=41, 1204.5pt x 1490.56876pt>
File: Feathergraphics/2-2.png Graphic file (type png)
<use Feathergraphics/2-2.png>
Package pdftex.def Info: Feathergraphics/2-2.png  used on input line 115.
(pdftex.def)             Requested size: 54.20015pt x 67.0727pt.
LaTeX Font Info:    Trying to load font information for U+msa on input line 115
.
(/usr/share/texlive/texmf-dist/tex/latex/amsfonts/umsa.fd
File: umsa.fd 2013/01/14 v3.01 AMS symbols A
)
LaTeX Font Info:    Trying to load font information for U+msb on input line 115
.

(/usr/share/texlive/texmf-dist/tex/latex/amsfonts/umsb.fd
File: umsb.fd 2013/01/14 v3.01 AMS symbols B
)
LaTeX Font Info:    Trying to load font information for T1+cmtt on input line 1
15.

(/usr/share/texlive/texmf-dist/tex/latex/base/t1cmtt.fd
File: t1cmtt.fd 2019/12/16 v2.5j Standard LaTeX font definitions
)
<Feathergraphics/1.pdf, id=42, 599.99156pt x 566.86781pt>
File: Feathergraphics/1.pdf Graphic file (type pdf)
<use Feathergraphics/1.pdf>
Package pdftex.def Info: Feathergraphics/1.pdf  used on input line 115.
(pdftex.def)             Requested size: 364.19992pt x 273.15736pt.
 [1

{/var/lib/texmf/fonts/map/pdftex/updmap/pdftex.map} <./Feathergraphics/1.pdf> <
./Feathergraphics/2-2.png>] (./Clase3.toc)
File: Feathergraphics/2.png Graphic file (type png)
<use Feathergraphics/2.png>
Package pdftex.def Info: Feathergraphics/2.png  used on input line 120.
(pdftex.def)             Requested size: 27.78714pt x 39.45639pt.

Missing character: There is no ; in font nullfont!
[2

 <./Feathergraphics/2.png>]
<Figures/1Duda.jpg, id=80, 722.7pt x 406.51875pt>
File: Figures/1Duda.jpg Graphic file (type jpg)
<use Figures/1Duda.jpg>
Package pdftex.def Info: Figures/1Duda.jpg  used on input line 127.
(pdftex.def)             Requested size: 216.81166pt x 121.95656pt.
File: Feathergraphics/2.png Graphic file (type png)
<use Feathergraphics/2.png>
Package pdftex.def Info: Feathergraphics/2.png  used on input line 127.
(pdftex.def)             Requested size: 27.78714pt x 39.45639pt.

Missing character: There is no ; in font nullfont!
[3

 <./Figures/1Duda.jpg>]
File: Figures/1Duda.jpg Graphic file (type jpg)
<use Figures/1Duda.jpg>
Package pdftex.def Info: Figures/1Duda.jpg  used on input line 127.
(pdftex.def)             Requested size: 216.81166pt x 121.95656pt.
File: Feathergraphics/2.png Graphic file (type png)
<use Feathergraphics/2.png>
Package pdftex.def Info: Feathergraphics/2.png  used on input line 127.
(pdftex.def)             Requested size: 27.78714pt x 39.45639pt.

Missing character: There is no ; in font nullfont!
[4

]
<Figures/1Trabajar.jpeg, id=95, 306.14375pt x 165.61874pt>
File: Figures/1Trabajar.jpeg Graphic file (type jpg)
<use Figures/1Trabajar.jpeg>
Package pdftex.def Info: Figures/1Trabajar.jpeg  used on input line 136.
(pdftex.def)             Requested size: 306.14299pt x 165.61833pt.
File: Feathergraphics/2.png Graphic file (type png)
<use Feathergraphics/2.png>
Package pdftex.def Info: Feathergraphics/2.png  used on input line 136.
(pdftex.def)             Requested size: 27.78714pt x 39.45639pt.

Missing character: There is no ; in font nullfont!
[5

 <./Figures/1Trabajar.jpeg>]
<Figures/1Jugar.jpg, id=103, 803.0pt x 451.6875pt>
File: Figures/1Jugar.jpg Graphic file (type jpg)
<use Figures/1Jugar.jpg>
Package pdftex.def Info: Figures/1Jugar.jpg  used on input line 136.
(pdftex.def)             Requested size: 321.1943pt x 180.67178pt.

Overfull \hbox (13.90443pt too wide) in paragraph at lines 136--136
 [][] 
 []


Overfull \vbox (8.34074pt too high) detected at line 136
 []

File: Feathergraphics/2.png Graphic file (type png)
<use Feathergraphics/2.png>
Package pdftex.def Info: Feathergraphics/2.png  used on input line 136.
(pdftex.def)             Requested size: 27.78714pt x 39.45639pt.
Missing character: There is no ; in font nullfont!
[6

 <./Figures/1Jugar.jpg>]
<Figures/1Programar.jpg, id=111, 963.6pt x 542.025pt>
File: Figures/1Programar.jpg Graphic file (type jpg)
<use Figures/1Programar.jpg>
Package pdftex.def Info: Figures/1Programar.jpg  used on input line 136.
(pdftex.def)             Requested size: 289.08223pt x 162.60875pt.
File: Feathergraphics/2.png Graphic file (type png)
<use Feathergraphics/2.png>
Package pdftex.def Info: Feathergraphics/2.png  used on input line 136.
(pdftex.def)             Requested size: 27.78714pt x 39.45639pt.

Missing character: There is no ; in font nullfont!
[7

 <./Figures/1Programar.jpg>]
<Figures/1etc.jpg, id=120, 722.7pt x 722.7pt>
File: Figures/1etc.jpg Graphic file (type jpg)
<use Figures/1etc.jpg>
Package pdftex.def Info: Figures/1etc.jpg  used on input line 136.
(pdftex.def)             Requested size: 180.67455pt x 180.67455pt.
File: Feathergraphics/2.png Graphic file (type png)
<use Feathergraphics/2.png>
Package pdftex.def Info: Feathergraphics/2.png  used on input line 136.
(pdftex.def)             Requested size: 27.78714pt x 39.45639pt.

Missing character: There is no ; in font nullfont!
[8

 <./Figures/1etc.jpg>]
<Figures/1CPU2.jpeg, id=128, 259.97125pt x 194.7275pt>
File: Figures/1CPU2.jpeg Graphic file (type jpg)
<use Figures/1CPU2.jpeg>
Package pdftex.def Info: Figures/1CPU2.jpeg  used on input line 147.
(pdftex.def)             Requested size: 259.97061pt x 194.727pt.
File: Feathergraphics/2.png Graphic file (type png)
<use Feathergraphics/2.png>
Package pdftex.def Info: Feathergraphics/2.png  used on input line 147.
(pdftex.def)             Requested size: 27.78714pt x 39.45639pt.

Missing character: There is no ; in font nullfont!
[9

 <./Figures/1CPU2.jpeg>]
<Figures/1virtual.jpg, id=136, 289.08pt x 178.266pt>
File: Figures/1virtual.jpg Graphic file (type jpg)
<use Figures/1virtual.jpg>
Package pdftex.def Info: Figures/1virtual.jpg  used on input line 147.
(pdftex.def)             Requested size: 289.07928pt x 178.26555pt.
File: Feathergraphics/2.png Graphic file (type png)
<use Feathergraphics/2.png>
Package pdftex.def Info: Feathergraphics/2.png  used on input line 147.
(pdftex.def)             Requested size: 27.78714pt x 39.45639pt.

Missing character: There is no ; in font nullfont!
[10

 <./Figures/1virtual.jpg>]
<Figures/1PC.jpg, id=144, 963.6pt x 542.025pt>
File: Figures/1PC.jpg Graphic file (type jpg)
<use Figures/1PC.jpg>
Package pdftex.def Info: Figures/1PC.jpg  used on input line 147.
(pdftex.def)             Requested size: 289.08223pt x 162.60875pt.
File: Feathergraphics/2.png Graphic file (type png)
<use Feathergraphics/2.png>
Package pdftex.def Info: Feathergraphics/2.png  used on input line 147.
(pdftex.def)             Requested size: 27.78714pt x 39.45639pt.

Missing character: There is no ; in font nullfont!
[11

 <./Figures/1PC.jpg>]
<Figures/1Electricidad.jpg, id=152, 610.28pt x 381.425pt>
File: Figures/1Electricidad.jpg Graphic file (type jpg)
<use Figures/1Electricidad.jpg>
Package pdftex.def Info: Figures/1Electricidad.jpg  used on input line 147.
(pdftex.def)             Requested size: 305.13925pt x 190.71202pt.
File: Feathergraphics/2.png Graphic file (type png)
<use Feathergraphics/2.png>
Package pdftex.def Info: Feathergraphics/2.png  used on input line 147.
(pdftex.def)             Requested size: 27.78714pt x 39.45639pt.

Missing character: There is no ; in font nullfont!
[12

 <./Figures/1Electricidad.jpg>]
<Figures/1Bombilla.png, id=160, 923.45pt x 697.60625pt>
File: Figures/1Bombilla.png Graphic file (type png)
<use Figures/1Bombilla.png>
Package pdftex.def Info: Figures/1Bombilla.png  used on input line 147.
(pdftex.def)             Requested size: 277.03712pt x 209.28348pt.
File: Feathergraphics/2.png Graphic file (type png)
<use Feathergraphics/2.png>
Package pdftex.def Info: Feathergraphics/2.png  used on input line 147.
(pdftex.def)             Requested size: 27.78714pt x 39.45639pt.

Missing character: There is no ; in font nullfont!
[13

 <./Figures/1Bombilla.png>]
<Figures/1CPU.jpeg, id=170, 301.125pt x 168.63pt>
File: Figures/1CPU.jpeg Graphic file (type jpg)
<use Figures/1CPU.jpeg>
Package pdftex.def Info: Figures/1CPU.jpeg  used on input line 147.
(pdftex.def)             Requested size: 301.12425pt x 168.62958pt.
File: Feathergraphics/2.png Graphic file (type png)
<use Feathergraphics/2.png>
Package pdftex.def Info: Feathergraphics/2.png  used on input line 147.
(pdftex.def)             Requested size: 27.78714pt x 39.45639pt.

Missing character: There is no ; in font nullfont!
[14

 <./Figures/1CPU.jpeg>]
File: Feathergraphics/2.png Graphic file (type png)
<use Feathergraphics/2.png>
Package pdftex.def Info: Feathergraphics/2.png  used on input line 158.
(pdftex.def)             Requested size: 27.78714pt x 39.45639pt.

Missing character: There is no ; in font nullfont!
[15

]
File: Feathergraphics/2.png Graphic file (type png)
<use Feathergraphics/2.png>
Package pdftex.def Info: Feathergraphics/2.png  used on input line 158.
(pdftex.def)             Requested size: 27.78714pt x 39.45639pt.

Missing character: There is no ; in font nullfont!
[16

]
File: Feathergraphics/2.png Graphic file (type png)
<use Feathergraphics/2.png>
Package pdftex.def Info: Feathergraphics/2.png  used on input line 165.
(pdftex.def)             Requested size: 27.78714pt x 39.45639pt.

Missing character: There is no ; in font nullfont!
[17

]
<Figures/2numeros.jpg, id=200, 385.44pt x 346.896pt>
File: Figures/2numeros.jpg Graphic file (type jpg)
<use Figures/2numeros.jpg>
Package pdftex.def Info: Figures/2numeros.jpg  used on input line 171.
(pdftex.def)             Requested size: 231.26578pt x 208.13919pt.
File: Feathergraphics/2.png Graphic file (type png)
<use Feathergraphics/2.png>
Package pdftex.def Info: Feathergraphics/2.png  used on input line 171.
(pdftex.def)             Requested size: 27.78714pt x 39.45639pt.

Missing character: There is no ; in font nullfont!
[18

 <./Figures/2numeros.jpg>]
<Figures/2decimal.png, id=208, 266.25789pt x 166.60136pt>
File: Figures/2decimal.png Graphic file (type png)
<use Figures/2decimal.png>
Package pdftex.def Info: Figures/2decimal.png  used on input line 178.
(pdftex.def)             Requested size: 213.00658pt x 133.28125pt.
File: Feathergraphics/2.png Graphic file (type png)
<use Feathergraphics/2.png>
Package pdftex.def Info: Feathergraphics/2.png  used on input line 178.
(pdftex.def)             Requested size: 27.78714pt x 39.45639pt.

Missing character: There is no ; in font nullfont!
[19

 <./Figures/2decimal.png>]
File: Figures/2decimal.png Graphic file (type png)
<use Figures/2decimal.png>
Package pdftex.def Info: Figures/2decimal.png  used on input line 178.
(pdftex.def)             Requested size: 213.00658pt x 133.28125pt.
File: Feathergraphics/2.png Graphic file (type png)
<use Feathergraphics/2.png>
Package pdftex.def Info: Feathergraphics/2.png  used on input line 178.
(pdftex.def)             Requested size: 27.78714pt x 39.45639pt.

Missing character: There is no ; in font nullfont!
[20

]
<Figures/2hexadecimales.png, id=229, 551.05875pt x 177.66376pt>
File: Figures/2hexadecimales.png Graphic file (type png)
<use Figures/2hexadecimales.png>
Package pdftex.def Info: Figures/2hexadecimales.png  used on input line 185.
(pdftex.def)             Requested size: 303.08324pt x 97.71536pt.
File: Feathergraphics/2.png Graphic file (type png)
<use Feathergraphics/2.png>
Package pdftex.def Info: Feathergraphics/2.png  used on input line 185.
(pdftex.def)             Requested size: 27.78714pt x 39.45639pt.

Missing character: There is no ; in font nullfont!
[21

 <./Figures/2hexadecimales.png (PNG copy)>]
File: Figures/2hexadecimales.png Graphic file (type png)
<use Figures/2hexadecimales.png>
Package pdftex.def Info: Figures/2hexadecimales.png  used on input line 185.
(pdftex.def)             Requested size: 303.08324pt x 97.71536pt.
File: Feathergraphics/2.png Graphic file (type png)
<use Feathergraphics/2.png>
Package pdftex.def Info: Feathergraphics/2.png  used on input line 185.
(pdftex.def)             Requested size: 27.78714pt x 39.45639pt.

Missing character: There is no ; in font nullfont!
[22

]
<Figures/2binario.jpg, id=244, 192.72pt x 128.3997pt>
File: Figures/2binario.jpg Graphic file (type jpg)
<use Figures/2binario.jpg>
Package pdftex.def Info: Figures/2binario.jpg  used on input line 192.
(pdftex.def)             Requested size: 192.71951pt x 128.39938pt.
File: Feathergraphics/2.png Graphic file (type png)
<use Feathergraphics/2.png>
Package pdftex.def Info: Feathergraphics/2.png  used on input line 192.
(pdftex.def)             Requested size: 27.78714pt x 39.45639pt.

Missing character: There is no ; in font nullfont!
[23

 <./Figures/2binario.jpg>]
File: Figures/2binario.jpg Graphic file (type jpg)
<use Figures/2binario.jpg>
Package pdftex.def Info: Figures/2binario.jpg  used on input line 192.
(pdftex.def)             Requested size: 192.71951pt x 128.39938pt.
File: Feathergraphics/2.png Graphic file (type png)
<use Feathergraphics/2.png>
Package pdftex.def Info: Feathergraphics/2.png  used on input line 192.
(pdftex.def)             Requested size: 27.78714pt x 39.45639pt.

Missing character: There is no ; in font nullfont!
[24

]
<Figures/binario2.jpg, id=259, 306.39468pt x 304.88907pt>
File: Figures/binario2.jpg Graphic file (type jpg)
<use Figures/binario2.jpg>
Package pdftex.def Info: Figures/binario2.jpg  used on input line 201.
(pdftex.def)             Requested size: 214.47481pt x 213.42088pt.

Overfull \vbox (2.28976pt too high) detected at line 201
 []

File: Feathergraphics/2.png Graphic file (type png)
<use Feathergraphics/2.png>
Package pdftex.def Info: Feathergraphics/2.png  used on input line 201.
(pdftex.def)             Requested size: 27.78714pt x 39.45639pt.
Missing character: There is no ; in font nullfont!
[25

 <./Figures/binario2.jpg>]
<Figures/binario.jpg, id=268, 387.69844pt x 289.83281pt>
File: Figures/binario.jpg Graphic file (type jpg)
<use Figures/binario.jpg>
Package pdftex.def Info: Figures/binario.jpg  used on input line 201.
(pdftex.def)             Requested size: 232.62085pt x 173.90102pt.
File: Feathergraphics/2.png Graphic file (type png)
<use Feathergraphics/2.png>
Package pdftex.def Info: Feathergraphics/2.png  used on input line 201.
(pdftex.def)             Requested size: 27.78714pt x 39.45639pt.

Missing character: There is no ; in font nullfont!
[26

 <./Figures/binario.jpg>]
<Figures/Homero.png, id=276, 843.15pt x 724.7075pt>
File: Figures/Homero.png Graphic file (type png)
<use Figures/Homero.png>
Package pdftex.def Info: Figures/Homero.png  used on input line 201.
(pdftex.def)             Requested size: 252.94695pt x 217.41393pt.

Overfull \vbox (27.08289pt too high) detected at line 201
 []

File: Feathergraphics/2.png Graphic file (type png)
<use Feathergraphics/2.png>
Package pdftex.def Info: Feathergraphics/2.png  used on input line 201.
(pdftex.def)             Requested size: 27.78714pt x 39.45639pt.
Missing character: There is no ; in font nullfont!
[27

 <./Figures/Homero.png>]
<Figures/2conteo.png, id=284, 637.38126pt x 448.67625pt>
File: Figures/2conteo.png Graphic file (type png)
<use Figures/2conteo.png>
Package pdftex.def Info: Figures/2conteo.png  used on input line 207.
(pdftex.def)             Requested size: 286.81891pt x 201.90245pt.
File: Feathergraphics/2.png Graphic file (type png)
<use Feathergraphics/2.png>
Package pdftex.def Info: Feathergraphics/2.png  used on input line 207.
(pdftex.def)             Requested size: 27.78714pt x 39.45639pt.

Missing character: There is no ; in font nullfont!
[28

 <./Figures/2conteo.png>]
File: Feathergraphics/2.png Graphic file (type png)
<use Feathergraphics/2.png>
Package pdftex.def Info: Feathergraphics/2.png  used on input line 216.
(pdftex.def)             Requested size: 27.78714pt x 39.45639pt.

Missing character: There is no ; in font nullfont!
[29

]
<Figures/3booleana.jpeg, id=298, 276.03125pt x 183.68625pt>
File: Figures/3booleana.jpeg Graphic file (type jpg)
<use Figures/3booleana.jpeg>
Package pdftex.def Info: Figures/3booleana.jpeg  used on input line 216.
(pdftex.def)             Requested size: 193.22055pt x 128.57947pt.
File: Feathergraphics/2.png Graphic file (type png)
<use Feathergraphics/2.png>
Package pdftex.def Info: Feathergraphics/2.png  used on input line 216.
(pdftex.def)             Requested size: 27.78714pt x 39.45639pt.

Missing character: There is no ; in font nullfont!
[30

 <./Figures/3booleana.jpeg>]
<Figures/3George-Boole.jpg, id=309, 602.25pt x 451.6875pt>
File: Figures/3George-Boole.jpg Graphic file (type jpg)
<use Figures/3George-Boole.jpg>
Package pdftex.def Info: Figures/3George-Boole.jpg  used on input line 223.
(pdftex.def)             Requested size: 210.79065pt x 158.09299pt.
File: Feathergraphics/2.png Graphic file (type png)
<use Feathergraphics/2.png>
Package pdftex.def Info: Feathergraphics/2.png  used on input line 223.
(pdftex.def)             Requested size: 27.78714pt x 39.45639pt.

Missing character: There is no ; in font nullfont!
[31

 <./Figures/3George-Boole.jpg>]
<Figures/3Shannon.jpg, id=318, 632.3625pt x 421.575pt>
File: Figures/3Shannon.jpg Graphic file (type jpg)
<use Figures/3Shannon.jpg>
Package pdftex.def Info: Figures/3Shannon.jpg  used on input line 231.
(pdftex.def)             Requested size: 252.94052pt x 168.627pt.
File: Feathergraphics/2.png Graphic file (type png)
<use Feathergraphics/2.png>
Package pdftex.def Info: Feathergraphics/2.png  used on input line 231.
(pdftex.def)             Requested size: 27.78714pt x 39.45639pt.

Missing character: There is no ; in font nullfont!
[32

 <./Figures/3Shannon.jpg>]
File: Feathergraphics/2.png Graphic file (type png)
<use Feathergraphics/2.png>
Package pdftex.def Info: Feathergraphics/2.png  used on input line 255.
(pdftex.def)             Requested size: 27.78714pt x 39.45639pt.

Missing character: There is no ; in font nullfont!
[33

]
<Figures/3Binar1.jpg, id=333, 177.0615pt x 216.81pt>
File: Figures/3Binar1.jpg Graphic file (type jpg)
<use Figures/3Binar1.jpg>
Package pdftex.def Info: Figures/3Binar1.jpg  used on input line 255.
(pdftex.def)             Requested size: 53.11885pt x 65.04349pt.
<Figures/3Binar.jpg, id=334, 1003.75pt x 1003.75pt>
File: Figures/3Binar.jpg Graphic file (type jpg)
<use Figures/3Binar.jpg>
Package pdftex.def Info: Figures/3Binar.jpg  used on input line 255.
(pdftex.def)             Requested size: 80.30164pt x 80.30164pt.
File: Figures/3booleana.jpeg Graphic file (type jpg)
<use Figures/3booleana.jpeg>
Package pdftex.def Info: Figures/3booleana.jpeg  used on input line 255.
(pdftex.def)             Requested size: 82.81pt x 55.1063pt.
<Figures/3Bolean3.jpeg, id=335, 803.0pt x 451.6875pt>
File: Figures/3Bolean3.jpeg Graphic file (type jpg)
<use Figures/3Bolean3.jpeg>
Package pdftex.def Info: Figures/3Bolean3.jpeg  used on input line 255.
(pdftex.def)             Requested size: 160.59715pt x 90.33589pt.
File: Feathergraphics/2.png Graphic file (type png)
<use Feathergraphics/2.png>
Package pdftex.def Info: Feathergraphics/2.png  used on input line 255.
(pdftex.def)             Requested size: 27.78714pt x 39.45639pt.

Missing character: There is no ; in font nullfont!
[34

 <./Figures/3Binar1.jpg> <./Figures/3Binar.jpg> <./Figures/3Bolean3.jpeg>]
File: Feathergraphics/2.png Graphic file (type png)
<use Feathergraphics/2.png>
Package pdftex.def Info: Feathergraphics/2.png  used on input line 255.
(pdftex.def)             Requested size: 27.78714pt x 39.45639pt.

Missing character: There is no ; in font nullfont!
[35

]
File: Feathergraphics/2.png Graphic file (type png)
<use Feathergraphics/2.png>
Package pdftex.def Info: Feathergraphics/2.png  used on input line 255.
(pdftex.def)             Requested size: 27.78714pt x 39.45639pt.

Missing character: There is no ; in font nullfont!
[36

]
<Figures/3Suma.png, id=358, 134.00063pt x 131.74219pt>
File: Figures/3Suma.png Graphic file (type png)
<use Figures/3Suma.png>
Package pdftex.def Info: Figures/3Suma.png  used on input line 255.
(pdftex.def)             Requested size: 107.20062pt x 105.39388pt.
File: Feathergraphics/2.png Graphic file (type png)
<use Feathergraphics/2.png>
Package pdftex.def Info: Feathergraphics/2.png  used on input line 255.
(pdftex.def)             Requested size: 27.78714pt x 39.45639pt.

Missing character: There is no ; in font nullfont!
[37

 <./Figures/3Suma.png>]
File: Feathergraphics/2.png Graphic file (type png)
<use Feathergraphics/2.png>
Package pdftex.def Info: Feathergraphics/2.png  used on input line 255.
(pdftex.def)             Requested size: 27.78714pt x 39.45639pt.

Missing character: There is no ; in font nullfont!
[38

]
<Figures/3mult.png, id=375, 127.97812pt x 131.74219pt>
File: Figures/3mult.png Graphic file (type png)
<use Figures/3mult.png>
Package pdftex.def Info: Figures/3mult.png  used on input line 255.
(pdftex.def)             Requested size: 102.38261pt x 105.39388pt.
File: Feathergraphics/2.png Graphic file (type png)
<use Feathergraphics/2.png>
Package pdftex.def Info: Feathergraphics/2.png  used on input line 255.
(pdftex.def)             Requested size: 27.78714pt x 39.45639pt.

Missing character: There is no ; in font nullfont!
[39

 <./Figures/3mult.png>]
File: Feathergraphics/2.png Graphic file (type png)
<use Feathergraphics/2.png>
Package pdftex.def Info: Feathergraphics/2.png  used on input line 255.
(pdftex.def)             Requested size: 27.78714pt x 39.45639pt.

Missing character: There is no ; in font nullfont!
[40

]
File: Feathergraphics/2.png Graphic file (type png)
<use Feathergraphics/2.png>
Package pdftex.def Info: Feathergraphics/2.png  used on input line 255.
(pdftex.def)             Requested size: 27.78714pt x 39.45639pt.

Missing character: There is no ; in font nullfont!
[41

]
File: Feathergraphics/1.pdf Graphic file (type pdf)
<use Feathergraphics/1.pdf>
Package pdftex.def Info: Feathergraphics/1.pdf  used on input line 260.
(pdftex.def)             Requested size: 364.19992pt x 273.15736pt.
 [42

]
File: Feathergraphics/2.png Graphic file (type png)
<use Feathergraphics/2.png>
Package pdftex.def Info: Feathergraphics/2.png  used on input line 284.
(pdftex.def)             Requested size: 27.78714pt x 39.45639pt.

Missing character: There is no ; in font nullfont!
[43

]
File: Feathergraphics/2.png Graphic file (type png)
<use Feathergraphics/2.png>
Package pdftex.def Info: Feathergraphics/2.png  used on input line 284.
(pdftex.def)             Requested size: 27.78714pt x 39.45639pt.

Missing character: There is no ; in font nullfont!
[44

]
<Figures/LescalaPregunta.png, id=419, 1388.93906pt x 220.57407pt>
File: Figures/LescalaPregunta.png Graphic file (type png)
<use Figures/LescalaPregunta.png>
Package pdftex.def Info: Figures/LescalaPregunta.png  used on input line 284.
(pdftex.def)             Requested size: 347.23392pt x 55.14337pt.

Overfull \hbox (39.94405pt too wide) in paragraph at lines 284--284
 [] 
 []

File: Feathergraphics/2.png Graphic file (type png)
<use Feathergraphics/2.png>
Package pdftex.def Info: Feathergraphics/2.png  used on input line 284.
(pdftex.def)             Requested size: 27.78714pt x 39.45639pt.
Missing character: There is no ; in font nullfont!
[45

 <./Figures/LescalaPregunta.png>]
<Figures/Lescala5.png, id=428, 1388.93906pt x 220.57407pt>
File: Figures/Lescala5.png Graphic file (type png)
<use Figures/Lescala5.png>
Package pdftex.def Info: Figures/Lescala5.png  used on input line 284.
(pdftex.def)             Requested size: 347.23392pt x 55.14337pt.

Overfull \hbox (39.94405pt too wide) in paragraph at lines 284--284
 [] 
 []

File: Feathergraphics/2.png Graphic file (type png)
<use Feathergraphics/2.png>
Package pdftex.def Info: Feathergraphics/2.png  used on input line 284.
(pdftex.def)             Requested size: 27.78714pt x 39.45639pt.
Missing character: There is no ; in font nullfont!
[46

 <./Figures/Lescala5.png>]
<Figures/Lescala3.png, id=439, 1388.93906pt x 220.57407pt>
File: Figures/Lescala3.png Graphic file (type png)
<use Figures/Lescala3.png>
Package pdftex.def Info: Figures/Lescala3.png  used on input line 284.
(pdftex.def)             Requested size: 347.23392pt x 55.14337pt.

Overfull \hbox (39.94405pt too wide) in paragraph at lines 284--284
 [] 
 []

File: Feathergraphics/2.png Graphic file (type png)
<use Feathergraphics/2.png>
Package pdftex.def Info: Feathergraphics/2.png  used on input line 284.
(pdftex.def)             Requested size: 27.78714pt x 39.45639pt.
Missing character: There is no ; in font nullfont!
[47

 <./Figures/Lescala3.png>]
<Figures/Lescala9.png, id=448, 1388.93906pt x 220.57407pt>
File: Figures/Lescala9.png Graphic file (type png)
<use Figures/Lescala9.png>
Package pdftex.def Info: Figures/Lescala9.png  used on input line 284.
(pdftex.def)             Requested size: 347.23392pt x 55.14337pt.

Overfull \hbox (39.94405pt too wide) in paragraph at lines 284--284
 [] 
 []

File: Feathergraphics/2.png Graphic file (type png)
<use Feathergraphics/2.png>
Package pdftex.def Info: Feathergraphics/2.png  used on input line 284.
(pdftex.def)             Requested size: 27.78714pt x 39.45639pt.
Missing character: There is no ; in font nullfont!
[48

 <./Figures/Lescala9.png>]
<Figures/estudio.png, id=457, 990.70125pt x 351.56343pt>
File: Figures/estudio.png Graphic file (type png)
<use Figures/estudio.png>
Package pdftex.def Info: Figures/estudio.png  used on input line 284.
(pdftex.def)             Requested size: 326.93242pt x 116.01628pt.

Overfull \hbox (19.64255pt too wide) in paragraph at lines 284--284
 [] 
 []

File: Feathergraphics/2.png Graphic file (type png)
<use Feathergraphics/2.png>
Package pdftex.def Info: Feathergraphics/2.png  used on input line 284.
(pdftex.def)             Requested size: 27.78714pt x 39.45639pt.
Missing character: There is no ; in font nullfont!
[49

 <./Figures/estudio.png>]
<Figures/Lescala.png, id=467, 1376.14125pt x 198.7425pt>
File: Figures/Lescala.png Graphic file (type png)
<use Figures/Lescala.png>
Package pdftex.def Info: Figures/Lescala.png  used on input line 284.
(pdftex.def)             Requested size: 316.50583pt x 45.70981pt.
<Figures/Lescala18.png, id=468, 1412.27625pt x 328.22626pt>
File: Figures/Lescala18.png Graphic file (type png)
<use Figures/Lescala18.png>
Package pdftex.def Info: Figures/Lescala18.png  used on input line 284.
(pdftex.def)             Requested size: 324.81671pt x 75.49045pt.
<Figures/Lescala10.png, id=469, 1388.93906pt x 220.57407pt>
File: Figures/Lescala10.png Graphic file (type png)
<use Figures/Lescala10.png>
Package pdftex.def Info: Figures/Lescala10.png  used on input line 284.
(pdftex.def)             Requested size: 319.44926pt x 50.73096pt.

Overfull \hbox (9.21596pt too wide) in paragraph at lines 284--284
 [] 
 []


Overfull \hbox (17.52684pt too wide) in paragraph at lines 284--284
 [] 
 []


Overfull \hbox (12.1594pt too wide) in paragraph at lines 284--284
 [] 
 []

File: Feathergraphics/2.png Graphic file (type png)
<use Feathergraphics/2.png>
Package pdftex.def Info: Feathergraphics/2.png  used on input line 284.
(pdftex.def)             Requested size: 27.78714pt x 39.45639pt.
Missing character: There is no ; in font nullfont!
[50

 <./Figures/Lescala.png> <./Figures/Lescala18.png> <./Figures/Lescala10.png>]
File: Feathergraphics/2.png Graphic file (type png)
<use Feathergraphics/2.png>
Package pdftex.def Info: Feathergraphics/2.png  used on input line 284.
(pdftex.def)             Requested size: 27.78714pt x 39.45639pt.

Missing character: There is no ; in font nullfont!
[51

]
<Figures/LescalaDistancia.png, id=487, 1055.44313pt x 198.7425pt>
File: Figures/LescalaDistancia.png Graphic file (type png)
<use Figures/LescalaDistancia.png>
Package pdftex.def Info: Figures/LescalaDistancia.png  used on input line 284.
(pdftex.def)             Requested size: 316.63538pt x 59.6232pt.

Overfull \hbox (9.3455pt too wide) in paragraph at lines 284--284
 [] 
 []

File: Feathergraphics/2.png Graphic file (type png)
<use Feathergraphics/2.png>
Package pdftex.def Info: Feathergraphics/2.png  used on input line 284.
(pdftex.def)             Requested size: 27.78714pt x 39.45639pt.
Missing character: There is no ; in font nullfont!
[52

 <./Figures/LescalaDistancia.png>]
File: Feathergraphics/1.pdf Graphic file (type pdf)
<use Feathergraphics/1.pdf>
Package pdftex.def Info: Feathergraphics/1.pdf  used on input line 289.
(pdftex.def)             Requested size: 364.19992pt x 273.15736pt.
 [53

]
File: Feathergraphics/2.png Graphic file (type png)
<use Feathergraphics/2.png>
Package pdftex.def Info: Feathergraphics/2.png  used on input line 298.
(pdftex.def)             Requested size: 27.78714pt x 39.45639pt.

Missing character: There is no ; in font nullfont!
[54

]
File: Feathergraphics/2.png Graphic file (type png)
<use Feathergraphics/2.png>
Package pdftex.def Info: Feathergraphics/2.png  used on input line 305.
(pdftex.def)             Requested size: 27.78714pt x 39.45639pt.

Missing character: There is no ; in font nullfont!
[55

]
File: Feathergraphics/2.png Graphic file (type png)
<use Feathergraphics/2.png>
Package pdftex.def Info: Feathergraphics/2.png  used on input line 305.
(pdftex.def)             Requested size: 27.78714pt x 39.45639pt.

Missing character: There is no ; in font nullfont!
[56

]
File: Feathergraphics/2.png Graphic file (type png)
<use Feathergraphics/2.png>
Package pdftex.def Info: Feathergraphics/2.png  used on input line 317.
(pdftex.def)             Requested size: 27.78714pt x 39.45639pt.

Missing character: There is no ; in font nullfont!
[57

]
<Figures/MooresLaw2.png, id=531, 1218.5525pt x 818.05624pt>
File: Figures/MooresLaw2.png Graphic file (type png)
<use Figures/MooresLaw2.png>
Package pdftex.def Info: Figures/MooresLaw2.png  used on input line 317.
(pdftex.def)             Requested size: 304.63737pt x 204.51355pt.

Overfull \vbox (5.38243pt too high) detected at line 317
 []

File: Feathergraphics/2.png Graphic file (type png)
<use Feathergraphics/2.png>
Package pdftex.def Info: Feathergraphics/2.png  used on input line 317.
(pdftex.def)             Requested size: 27.78714pt x 39.45639pt.
Missing character: There is no ; in font nullfont!
[58

 <./Figures/MooresLaw2.png (PNG copy)>]
<Figures/transistorArd.png, id=539, 501.875pt x 232.87pt>
File: Figures/transistorArd.png Graphic file (type png)
<use Figures/transistorArd.png>
Package pdftex.def Info: Figures/transistorArd.png  used on input line 317.
(pdftex.def)             Requested size: 250.93687pt x 116.43471pt.
File: Feathergraphics/2.png Graphic file (type png)
<use Feathergraphics/2.png>
Package pdftex.def Info: Feathergraphics/2.png  used on input line 317.
(pdftex.def)             Requested size: 27.78714pt x 39.45639pt.

Missing character: There is no ; in font nullfont!
[59

 <./Figures/transistorArd.png>]
<Figures/oblea.jpg, id=548, 1204.5pt x 678.535pt>
File: Figures/oblea.jpg Graphic file (type jpg)
<use Figures/oblea.jpg>
Package pdftex.def Info: Figures/oblea.jpg  used on input line 317.
(pdftex.def)             Requested size: 301.12427pt x 169.63333pt.
File: Feathergraphics/2.png Graphic file (type png)
<use Feathergraphics/2.png>
Package pdftex.def Info: Feathergraphics/2.png  used on input line 317.
(pdftex.def)             Requested size: 27.78714pt x 39.45639pt.

Missing character: There is no ; in font nullfont!
[60

 <./Figures/oblea.jpg>]
<Figures/glbulo-rojo.jpg, id=556, 395.076pt x 359.54324pt>
File: Figures/glbulo-rojo.jpg Graphic file (type jpg)
<use Figures/glbulo-rojo.jpg>
Package pdftex.def Info: Figures/glbulo-rojo.jpg  used on input line 317.
(pdftex.def)             Requested size: 197.5375pt x 179.77118pt.
File: Feathergraphics/2.png Graphic file (type png)
<use Feathergraphics/2.png>
Package pdftex.def Info: Feathergraphics/2.png  used on input line 317.
(pdftex.def)             Requested size: 27.78714pt x 39.45639pt.

Missing character: There is no ; in font nullfont!
[61

 <./Figures/glbulo-rojo.jpg>]
<Figures/tamanno.png, id=565, 707.64375pt x 460.72125pt>
File: Figures/tamanno.png Graphic file (type png)
<use Figures/tamanno.png>
Package pdftex.def Info: Figures/tamanno.png  used on input line 317.
(pdftex.def)             Requested size: 283.05249pt x 184.28523pt.
File: Feathergraphics/2.png Graphic file (type png)
<use Feathergraphics/2.png>
Package pdftex.def Info: Feathergraphics/2.png  used on input line 317.
(pdftex.def)             Requested size: 27.78714pt x 39.45639pt.

Missing character: There is no ; in font nullfont!
[62

 <./Figures/tamanno.png>]
<Figures/Transistor.png, id=574, 768.37062pt x 339.2675pt>
File: Figures/Transistor.png Graphic file (type png)
<use Figures/Transistor.png>
Package pdftex.def Info: Figures/Transistor.png  used on input line 317.
(pdftex.def)             Requested size: 307.3428pt x 135.70459pt.
File: Feathergraphics/2.png Graphic file (type png)
<use Feathergraphics/2.png>
Package pdftex.def Info: Feathergraphics/2.png  used on input line 317.
(pdftex.def)             Requested size: 27.78714pt x 39.45639pt.

Missing character: There is no ; in font nullfont!
[63

 <./Figures/Transistor.png>]
<Figures/8700.jpg, id=584, 1284.8pt x 722.7pt>
File: Figures/8700.jpg Graphic file (type jpg)
<use Figures/8700.jpg>
Package pdftex.def Info: Figures/8700.jpg  used on input line 317.
(pdftex.def)             Requested size: 256.95544pt x 144.53743pt.
File: Feathergraphics/2.png Graphic file (type png)
<use Feathergraphics/2.png>
Package pdftex.def Info: Feathergraphics/2.png  used on input line 317.
(pdftex.def)             Requested size: 27.78714pt x 39.45639pt.

Missing character: There is no ; in font nullfont!
[64

 <./Figures/8700.jpg>]
<Figures/8700-k.jpg, id=592, 1239.63126pt x 1039.885pt>
File: Figures/8700-k.jpg Graphic file (type jpg)
<use Figures/8700-k.jpg>
Package pdftex.def Info: Figures/8700-k.jpg  used on input line 317.
(pdftex.def)             Requested size: 247.92186pt x 207.97331pt.
File: Feathergraphics/2.png Graphic file (type png)
<use Feathergraphics/2.png>
Package pdftex.def Info: Feathergraphics/2.png  used on input line 317.
(pdftex.def)             Requested size: 27.78714pt x 39.45639pt.

Missing character: There is no ; in font nullfont!
[65

 <./Figures/8700-k.jpg>]
File: Feathergraphics/2.png Graphic file (type png)
<use Feathergraphics/2.png>
Package pdftex.def Info: Feathergraphics/2.png  used on input line 326.
(pdftex.def)             Requested size: 27.78714pt x 39.45639pt.

Missing character: There is no ; in font nullfont!
[66

]
<Figures/4transistor.png, id=607, 686.565pt x 408.52625pt>
File: Figures/4transistor.png Graphic file (type png)
<use Figures/4transistor.png>
Package pdftex.def Info: Figures/4transistor.png  used on input line 332.
(pdftex.def)             Requested size: 274.62112pt x 163.4076pt.
File: Feathergraphics/2.png Graphic file (type png)
<use Feathergraphics/2.png>
Package pdftex.def Info: Feathergraphics/2.png  used on input line 332.
(pdftex.def)             Requested size: 27.78714pt x 39.45639pt.

Missing character: There is no ; in font nullfont!
[67

 <./Figures/4transistor.png>]
File: Feathergraphics/2.png Graphic file (type png)
<use Feathergraphics/2.png>
Package pdftex.def Info: Feathergraphics/2.png  used on input line 341.
(pdftex.def)             Requested size: 27.78714pt x 39.45639pt.

Missing character: There is no ; in font nullfont!
[68

]
<Figures/TransistorPuntual.jpg, id=623, 120.45pt x 96.8418pt>
File: Figures/TransistorPuntual.jpg Graphic file (type jpg)
<use Figures/TransistorPuntual.jpg>
Package pdftex.def Info: Figures/TransistorPuntual.jpg  used on input line 341.

(pdftex.def)             Requested size: 120.44969pt x 96.84154pt.
File: Feathergraphics/2.png Graphic file (type png)
<use Feathergraphics/2.png>
Package pdftex.def Info: Feathergraphics/2.png  used on input line 341.
(pdftex.def)             Requested size: 27.78714pt x 39.45639pt.

Missing character: There is no ; in font nullfont!
[69

 <./Figures/TransistorPuntual.jpg>]
<Figures/bipolar.jpg, id=631, 426.59375pt x 460.72125pt>
File: Figures/bipolar.jpg Graphic file (type jpg)
<use Figures/bipolar.jpg>
Package pdftex.def Info: Figures/bipolar.jpg  used on input line 341.
(pdftex.def)             Requested size: 149.31004pt x 161.25485pt.
File: Feathergraphics/2.png Graphic file (type png)
<use Feathergraphics/2.png>
Package pdftex.def Info: Feathergraphics/2.png  used on input line 341.
(pdftex.def)             Requested size: 27.78714pt x 39.45639pt.

Missing character: There is no ; in font nullfont!
[70

 <./Figures/bipolar.jpg>]
<Figures/campo.jpeg, id=639, 225.84375pt x 225.84375pt>
File: Figures/campo.jpeg Graphic file (type jpg)
<use Figures/campo.jpeg>
Package pdftex.def Info: Figures/campo.jpeg  used on input line 341.
(pdftex.def)             Requested size: 180.67523pt x 180.67523pt.
File: Feathergraphics/2.png Graphic file (type png)
<use Feathergraphics/2.png>
Package pdftex.def Info: Feathergraphics/2.png  used on input line 341.
(pdftex.def)             Requested size: 27.78714pt x 39.45639pt.

Missing character: There is no ; in font nullfont!
[71

 <./Figures/campo.jpeg>]
<Figures/fototransistor.jpeg, id=647, 238.8925pt x 212.795pt>
File: Figures/fototransistor.jpeg Graphic file (type jpg)
<use Figures/fototransistor.jpeg>
Package pdftex.def Info: Figures/fototransistor.jpeg  used on input line 341.
(pdftex.def)             Requested size: 167.2236pt x 148.95547pt.
File: Feathergraphics/2.png Graphic file (type png)
<use Feathergraphics/2.png>
Package pdftex.def Info: Feathergraphics/2.png  used on input line 341.
(pdftex.def)             Requested size: 27.78714pt x 39.45639pt.

Missing character: There is no ; in font nullfont!
[72

 <./Figures/fototransistor.jpeg>]
<Figures/transistorMeme.jpeg, id=655, 929.4725pt x 693.59125pt>
File: Figures/transistorMeme.jpeg Graphic file (type jpg)
<use Figures/transistorMeme.jpeg>
Package pdftex.def Info: Figures/transistorMeme.jpeg  used on input line 348.
(pdftex.def)             Requested size: 278.8439pt x 208.07898pt.
File: Feathergraphics/2.png Graphic file (type png)
<use Feathergraphics/2.png>
Package pdftex.def Info: Feathergraphics/2.png  used on input line 348.
(pdftex.def)             Requested size: 27.78714pt x 39.45639pt.

Missing character: There is no ; in font nullfont!
[73

 <./Figures/transistorMeme.jpeg>]
<Figures/Thor.png, id=664, 492.33937pt x 492.33937pt>
File: Figures/Thor.png Graphic file (type png)
<use Figures/Thor.png>
Package pdftex.def Info: Figures/Thor.png  used on input line 348.
(pdftex.def)             Requested size: 196.93225pt x 196.93225pt.
File: Feathergraphics/2.png Graphic file (type png)
<use Feathergraphics/2.png>
Package pdftex.def Info: Feathergraphics/2.png  used on input line 348.
(pdftex.def)             Requested size: 27.78714pt x 39.45639pt.

Missing character: There is no ; in font nullfont!
[74

 <./Figures/Thor.png>]
File: Feathergraphics/2.png Graphic file (type png)
<use Feathergraphics/2.png>
Package pdftex.def Info: Feathergraphics/2.png  used on input line 356.
(pdftex.def)             Requested size: 27.78714pt x 39.45639pt.

Missing character: There is no ; in font nullfont!
[75

]
File: Feathergraphics/2.png Graphic file (type png)
<use Feathergraphics/2.png>
Package pdftex.def Info: Feathergraphics/2.png  used on input line 367.
(pdftex.def)             Requested size: 27.78714pt x 39.45639pt.

Missing character: There is no ; in font nullfont!
[76

]
File: Feathergraphics/2.png Graphic file (type png)
<use Feathergraphics/2.png>
Package pdftex.def Info: Feathergraphics/2.png  used on input line 367.
(pdftex.def)             Requested size: 27.78714pt x 39.45639pt.

Missing character: There is no ; in font nullfont!
[77

]
<Figures/4AND-Gate.png, id=693, 521.95pt x 488.82625pt>
File: Figures/4AND-Gate.png Graphic file (type png)
<use Figures/4AND-Gate.png>
Package pdftex.def Info: Figures/4AND-Gate.png  used on input line 367.
(pdftex.def)             Requested size: 224.43411pt x 210.19118pt.
File: Feathergraphics/2.png Graphic file (type png)
<use Feathergraphics/2.png>
Package pdftex.def Info: Feathergraphics/2.png  used on input line 367.
(pdftex.def)             Requested size: 27.78714pt x 39.45639pt.

Missing character: There is no ; in font nullfont!
[78

 <./Figures/4AND-Gate.png>]
File: Feathergraphics/2.png Graphic file (type png)
<use Feathergraphics/2.png>
Package pdftex.def Info: Feathergraphics/2.png  used on input line 367.
(pdftex.def)             Requested size: 27.78714pt x 39.45639pt.

Missing character: There is no ; in font nullfont!
[79

]
<Figures/4OR-Gate.png, id=710, 521.95pt x 488.82625pt>
File: Figures/4OR-Gate.png Graphic file (type png)
<use Figures/4OR-Gate.png>
Package pdftex.def Info: Figures/4OR-Gate.png  used on input line 367.
(pdftex.def)             Requested size: 224.43411pt x 210.19118pt.
File: Feathergraphics/2.png Graphic file (type png)
<use Feathergraphics/2.png>
Package pdftex.def Info: Feathergraphics/2.png  used on input line 367.
(pdftex.def)             Requested size: 27.78714pt x 39.45639pt.

Missing character: There is no ; in font nullfont!
[80

 <./Figures/4OR-Gate.png>]
File: Feathergraphics/2.png Graphic file (type png)
<use Feathergraphics/2.png>
Package pdftex.def Info: Feathergraphics/2.png  used on input line 367.
(pdftex.def)             Requested size: 27.78714pt x 39.45639pt.

Missing character: There is no ; in font nullfont!
[81

]
<Figures/4NOT-Gate.png, id=725, 521.95pt x 488.82625pt>
File: Figures/4NOT-Gate.png Graphic file (type png)
<use Figures/4NOT-Gate.png>
Package pdftex.def Info: Figures/4NOT-Gate.png  used on input line 367.
(pdftex.def)             Requested size: 224.43411pt x 210.19118pt.
File: Feathergraphics/2.png Graphic file (type png)
<use Feathergraphics/2.png>
Package pdftex.def Info: Feathergraphics/2.png  used on input line 367.
(pdftex.def)             Requested size: 27.78714pt x 39.45639pt.

Missing character: There is no ; in font nullfont!
[82

 <./Figures/4NOT-Gate.png>]
<Figures/4puertas.jpg, id=733, 454.69875pt x 172.39406pt>
File: Figures/4puertas.jpg Graphic file (type jpg)
<use Figures/4puertas.jpg>
Package pdftex.def Info: Figures/4puertas.jpg  used on input line 374.
(pdftex.def)             Requested size: 318.28694pt x 120.675pt.

Overfull \hbox (10.99707pt too wide) in paragraph at lines 374--374
 [] 
 []

File: Feathergraphics/2.png Graphic file (type png)
<use Feathergraphics/2.png>
Package pdftex.def Info: Feathergraphics/2.png  used on input line 374.
(pdftex.def)             Requested size: 27.78714pt x 39.45639pt.
Missing character: There is no ; in font nullfont!
[83

 <./Figures/4puertas.jpg>]
File: Figures/4puertas.jpg Graphic file (type jpg)
<use Figures/4puertas.jpg>
Package pdftex.def Info: Figures/4puertas.jpg  used on input line 374.
(pdftex.def)             Requested size: 318.28694pt x 120.675pt.

Overfull \hbox (10.99707pt too wide) in paragraph at lines 374--374
 [] 
 []

File: Feathergraphics/2.png Graphic file (type png)
<use Feathergraphics/2.png>
Package pdftex.def Info: Feathergraphics/2.png  used on input line 374.
(pdftex.def)             Requested size: 27.78714pt x 39.45639pt.
Missing character: There is no ; in font nullfont!
[84

]
<Figures/4Suma.png, id=750, 1616.0375pt x 526.96875pt>
File: Figures/4Suma.png Graphic file (type png)
<use Figures/4Suma.png>
Package pdftex.def Info: Figures/4Suma.png  used on input line 382.
(pdftex.def)             Requested size: 323.20177pt x 105.39188pt.

Overfull \hbox (15.9119pt too wide) in paragraph at lines 382--382
 [][] 
 []

File: Feathergraphics/2.png Graphic file (type png)
<use Feathergraphics/2.png>
Package pdftex.def Info: Feathergraphics/2.png  used on input line 382.
(pdftex.def)             Requested size: 27.78714pt x 39.45639pt.
Missing character: There is no ; in font nullfont!
[85

 <./Figures/4Suma.png>]
File: Figures/4Suma.png Graphic file (type png)
<use Figures/4Suma.png>
Package pdftex.def Info: Figures/4Suma.png  used on input line 382.
(pdftex.def)             Requested size: 323.20177pt x 105.39188pt.

Overfull \hbox (15.9119pt too wide) in paragraph at lines 382--382
 [][] 
 []

File: Feathergraphics/2.png Graphic file (type png)
<use Feathergraphics/2.png>
Package pdftex.def Info: Feathergraphics/2.png  used on input line 382.
(pdftex.def)             Requested size: 27.78714pt x 39.45639pt.
Missing character: There is no ; in font nullfont!
[86

]
File: Feathergraphics/2.png Graphic file (type png)
<use Feathergraphics/2.png>
Package pdftex.def Info: Feathergraphics/2.png  used on input line 390.
(pdftex.def)             Requested size: 27.78714pt x 39.45639pt.

Missing character: There is no ; in font nullfont!
[87

]
<Figures/4ALU.png, id=776, 803.0pt x 688.5725pt>
File: Figures/4ALU.png Graphic file (type png)
<use Figures/4ALU.png>
Package pdftex.def Info: Figures/4ALU.png  used on input line 397.
(pdftex.def)             Requested size: 240.90186pt x 206.57333pt.

Overfull \vbox (16.2423pt too high) detected at line 397
 []

File: Feathergraphics/2.png Graphic file (type png)
<use Feathergraphics/2.png>
Package pdftex.def Info: Feathergraphics/2.png  used on input line 397.
(pdftex.def)             Requested size: 27.78714pt x 39.45639pt.
Missing character: There is no ; in font nullfont!
[88

 <./Figures/4ALU.png>]
File: Figures/4ALU.png Graphic file (type png)
<use Figures/4ALU.png>
Package pdftex.def Info: Figures/4ALU.png  used on input line 397.
(pdftex.def)             Requested size: 240.90186pt x 206.57333pt.

Overfull \vbox (16.2423pt too high) detected at line 397
 []

File: Feathergraphics/2.png Graphic file (type png)
<use Feathergraphics/2.png>
Package pdftex.def Info: Feathergraphics/2.png  used on input line 397.
(pdftex.def)             Requested size: 27.78714pt x 39.45639pt.
Missing character: There is no ; in font nullfont!
[89

]
<Figures/4fpu.jpg, id=792, 433.62pt x 433.62pt>
File: Figures/4fpu.jpg Graphic file (type jpg)
<use Figures/4fpu.jpg>
Package pdftex.def Info: Figures/4fpu.jpg  used on input line 404.
(pdftex.def)             Requested size: 173.44492pt x 173.44492pt.
File: Feathergraphics/2.png Graphic file (type png)
<use Feathergraphics/2.png>
Package pdftex.def Info: Feathergraphics/2.png  used on input line 404.
(pdftex.def)             Requested size: 27.78714pt x 39.45639pt.

Missing character: There is no ; in font nullfont!
[90

 <./Figures/4fpu.jpg>]
File: Figures/4fpu.jpg Graphic file (type jpg)
<use Figures/4fpu.jpg>
Package pdftex.def Info: Figures/4fpu.jpg  used on input line 404.
(pdftex.def)             Requested size: 173.44492pt x 173.44492pt.
File: Feathergraphics/2.png Graphic file (type png)
<use Feathergraphics/2.png>
Package pdftex.def Info: Feathergraphics/2.png  used on input line 404.
(pdftex.def)             Requested size: 27.78714pt x 39.45639pt.

Missing character: There is no ; in font nullfont!
[91

]
<Figures/Feynman.png, id=808, 722.7pt x 903.375pt>
File: Figures/Feynman.png Graphic file (type png)
<use Figures/Feynman.png>
Package pdftex.def Info: Figures/Feynman.png  used on input line 409.
(pdftex.def)             Requested size: 216.81166pt x 271.01459pt.
File: Feathergraphics/1.pdf Graphic file (type pdf)
<use Feathergraphics/1.pdf>
Package pdftex.def Info: Feathergraphics/1.pdf  used on input line 409.
(pdftex.def)             Requested size: 364.19992pt x 273.15736pt.
 [92

 <./Figures/Feynman.png>]
\tf@nav=\write6
\openout6 = `Clase3.nav'.

\tf@toc=\write7
\openout7 = `Clase3.toc'.

\tf@snm=\write8
\openout8 = `Clase3.snm'.

 (./Clase3.aux)

Package rerunfilecheck Warning: File `Clase3.out' has changed.
(rerunfilecheck)                Rerun to get outlines right
(rerunfilecheck)                or use package `bookmark'.

Package rerunfilecheck Info: Checksums for `Clase3.out':
(rerunfilecheck)             Before: 127A0E706E9A186057016AB8975DE430;822
(rerunfilecheck)             After:  26AF8044BB5DFF458BF5BE29147F1016;822.
 ) 
Here is how much of TeX's memory you used:
 27158 strings out of 480129
 538681 string characters out of 5893410
 765385 words of memory out of 5000000
 44318 multiletter control sequences out of 15000+600000
 495994 words of font info for 87 fonts, out of 8000000 for 9000
 81 hyphenation exceptions out of 8191
 99i,17n,104p,396b,975s stack positions out of 5000i,500n,10000p,200000b,80000s
pdfTeX warning (dest): name{Outline0.3.3.86} has been referenced but does not
 exist, replaced by a fixed one

pdfTeX warning (dest): name{Outline0.3.2.74} has been referenced but does not e
xist, replaced by a fixed one

pdfTeX warning (dest): name{Outline0.3.1.65} has been referenced but does not e
xist, replaced by a fixed one

 </home/jcallem94/.texlive2021/texmf-var/fonts/pk/ljfour/jknappen/ec/ecss1200.6
00pk> </home/jcallem94/.texlive2021/texmf-var/fonts/pk/ljfour/jknappen/ec/ectt0
800.375pk> </home/jcallem94/.texlive2021/texmf-var/fonts/pk/ljfour/jknappen/ec/
ecss2488.600pk> </home/jcallem94/.texlive2021/texmf-var/fonts/pk/ljfour/jknappe
n/ec/ecss1000.600pk> </home/jcallem94/.texlive2021/texmf-var/fonts/pk/ljfour/jk
nappen/ec/ecss1440.600pk> </home/jcallem94/.texlive2021/texmf-var/fonts/pk/ljfo
ur/jknappen/ec/ecss0500.600pk> </home/jcallem94/.texlive2021/texmf-var/fonts/pk
/ljfour/jknappen/ec/ectt1000.600pk> </home/jcallem94/.texlive2021/texmf-var/fon
ts/pk/ljfour/jknappen/ec/ecrm1000.600pk> </home/jcallem94/.texlive2021/texmf-va
r/fonts/pk/ljfour/jknappen/ec/ecbx1200.600pk> </home/jcallem94/.texlive2021/tex
mf-var/fonts/pk/ljfour/jknappen/ec/ecbx1440.600pk> </home/jcallem94/.texlive202
1/texmf-var/fonts/pk/ljfour/jknappen/ec/ecrm0800.600pk></usr/share/texlive/texm
f-dist/fonts/type1/public/amsfonts/cm/cmss12.pfb></usr/share/texlive/texmf-dist
/fonts/type1/public/amsfonts/cm/cmsy10.pfb>
Output written on Clase3.pdf (92 pages, 4778907 bytes).
PDF statistics:
 1238 PDF objects out of 1440 (max. 8388607)
 708 compressed objects within 8 object streams
 194 named destinations out of 1000 (max. 500000)
 401 words of extra memory for PDF output out of 10000 (max. 10000000)

